#
# There is insufficient memory for the Java Runtime Environment to continue.
# Native memory allocation (malloc) failed to allocate 32744 bytes for ChunkPool::allocate
# Possible reasons:
#   The system is out of physical RAM or swap space
#   The process is running with CompressedOops enabled, and the Java Heap may be blocking the growth of the native heap
# Possible solutions:
#   Reduce memory load on the system
#   Increase physical memory or swap space
#   Check if swap backing store is full
#   Decrease Java heap size (-Xmx/-Xms)
#   Decrease number of Java threads
#   Decrease Java thread stack sizes (-Xss)
#   Set larger code cache with -XX:ReservedCodeCacheSize=
#   JVM is running with Unscaled Compressed Oops mode in which the Java heap is
#     placed in the first 4GB address space. The Java Heap base address is the
#     maximum limit for the native heap growth. Please use -XX:HeapBaseMinAddress
#     to set the Java Heap base and to place the Java Heap above 4GB virtual address.
# This output file may be truncated or incomplete.
#
#  Out of Memory Error (t:/workspace/open/src/hotspot/share/memory/arena.cpp:82), pid=14940, tid=4352
#
# JRE version: Java(TM) SE Runtime Environment (10.0.2+13) (build 10.0.2+13)
# Java VM: Java HotSpot(TM) 64-Bit Server VM (10.0.2+13, mixed mode, tiered, compressed oops, g1 gc, windows-amd64)
# No core dump will be written. Minidumps are not enabled by default on client versions of Windows
#

---------------  S U M M A R Y ------------

Command Line: -Dclassworlds.conf=C:\Program Files\Apache\maven\apache-maven-3.5.4\bin\..\bin\m2.conf -Dmaven.home=C:\Program Files\Apache\maven\apache-maven-3.5.4\bin\.. -Dlibrary.jansi.path=C:\Program Files\Apache\maven\apache-maven-3.5.4\bin\..\lib\jansi-native -Dmaven.multiModuleProjectDirectory=C:\Users\User\Desktop\CucumberFramework\CucumberFramework org.codehaus.plexus.classworlds.launcher.Launcher clean test

Host: Intel(R) Core(TM) i5-8250U CPU @ 1.60GHz, 8 cores, 7G,  Windows 10 , 64 bit Build 17134 (10.0.17134.1)
Time: Mon Aug 06 20:25:27 2018 Malay Peninsula Standard Time elapsed time: 3 seconds (0d 0h 0m 3s)

---------------  T H R E A D  ---------------

Current thread (0x000001fdfb6a9000):  JavaThread "C2 CompilerThread0" daemon [_thread_in_native, id=4352, stack(0x0000001e34700000,0x0000001e34800000)]


Current CompileTask:
C2:   3524 2874       4       org.eclipse.sisu.inject.LocatedBeans$Itr::hasNext (161 bytes)

Stack: [0x0000001e34700000,0x0000001e34800000]
Native frames: (J=compiled Java code, j=interpreted, Vv=VM code, C=native code)
V  [jvm.dll+0x5a01a9]
V  [jvm.dll+0x6bcf31]
V  [jvm.dll+0x6be126]
V  [jvm.dll+0x6be7b3]
V  [jvm.dll+0x234978]
V  [jvm.dll+0xbb8fb]
V  [jvm.dll+0xbb6ea]
V  [jvm.dll+0xbbbac]
V  [jvm.dll+0x10ce57]
V  [jvm.dll+0x10bea2]
V  [jvm.dll+0x5a5dca]
V  [jvm.dll+0x2001e2]
V  [jvm.dll+0x1ff116]
V  [jvm.dll+0x17c94b]
V  [jvm.dll+0x20c8dd]
V  [jvm.dll+0x20b6a6]
V  [jvm.dll+0x68b7ff]
V  [jvm.dll+0x59f4b0]
C  [msvcr120.dll+0x24f7f]
C  [msvcr120.dll+0x25126]
C  [KERNEL32.DLL+0x13034]
C  [ntdll.dll+0x71431]


---------------  P R O C E S S  ---------------

Threads class SMR info:
_java_thread_list=0x000001fdfb65bd70, length=12, elements={
0x000001fde81db000, 0x000001fdfb648800, 0x000001fdfb651800, 0x000001fdfb6a3800,
0x000001fdfb6a4800, 0x000001fdfb6a9000, 0x000001fdfb6ac800, 0x000001fdfb6ad800,
0x000001fdfb6ae000, 0x000001fdfae36800, 0x000001fdfb86a800, 0x000001fdfb86f000
}

Java Threads: ( => current thread )
  0x000001fde81db000 JavaThread "main" [_thread_in_native, id=11148, stack(0x0000001e32d00000,0x0000001e32e00000)]
  0x000001fdfb648800 JavaThread "Reference Handler" daemon [_thread_blocked, id=2272, stack(0x0000001e34300000,0x0000001e34400000)]
  0x000001fdfb651800 JavaThread "Finalizer" daemon [_thread_blocked, id=14236, stack(0x0000001e34400000,0x0000001e34500000)]
  0x000001fdfb6a3800 JavaThread "Signal Dispatcher" daemon [_thread_blocked, id=14844, stack(0x0000001e34500000,0x0000001e34600000)]
  0x000001fdfb6a4800 JavaThread "Attach Listener" daemon [_thread_blocked, id=17080, stack(0x0000001e34600000,0x0000001e34700000)]
=>0x000001fdfb6a9000 JavaThread "C2 CompilerThread0" daemon [_thread_in_native, id=4352, stack(0x0000001e34700000,0x0000001e34800000)]
  0x000001fdfb6ac800 JavaThread "C2 CompilerThread1" daemon [_thread_in_native, id=1508, stack(0x0000001e34800000,0x0000001e34900000)]
  0x000001fdfb6ad800 JavaThread "C2 CompilerThread2" daemon [_thread_in_native, id=9000, stack(0x0000001e34900000,0x0000001e34a00000)]
  0x000001fdfb6ae000 JavaThread "C1 CompilerThread3" daemon [_thread_blocked, id=2516, stack(0x0000001e34a00000,0x0000001e34b00000)]
  0x000001fdfae36800 JavaThread "Sweeper thread" daemon [_thread_blocked, id=6032, stack(0x0000001e34b00000,0x0000001e34c00000)]
  0x000001fdfb86a800 JavaThread "Service Thread" daemon [_thread_blocked, id=10544, stack(0x0000001e34c00000,0x0000001e34d00000)]
  0x000001fdfb86f000 JavaThread "Common-Cleaner" daemon [_thread_blocked, id=7204, stack(0x0000001e34d00000,0x0000001e34e00000)]

Other Threads:
  0x000001fdfb642000 VMThread "VM Thread" [stack: 0x0000001e34200000,0x0000001e34300000] [id=13348]
  0x000001fdfb870000 WatcherThread [stack: 0x0000001e34e00000,0x0000001e34f00000] [id=15644]
  0x000001fde81f4800 GCTaskThread "GC Thread#0" [stack: 0x0000001e32e00000,0x0000001e32f00000] [id=7456]
  0x000001fde81f6000 GCTaskThread "GC Thread#1" [stack: 0x0000001e32f00000,0x0000001e33000000] [id=15012]
  0x000001fde81f7800 GCTaskThread "GC Thread#2" [stack: 0x0000001e33000000,0x0000001e33100000] [id=15632]
  0x000001fde81fa000 GCTaskThread "GC Thread#3" [stack: 0x0000001e33100000,0x0000001e33200000] [id=16480]
  0x000001fde81fc000 GCTaskThread "GC Thread#4" [stack: 0x0000001e33200000,0x0000001e33300000] [id=8556]
  0x000001fde8203800 GCTaskThread "GC Thread#5" [stack: 0x0000001e33300000,0x0000001e33400000] [id=12032]
  0x000001fde8209000 GCTaskThread "GC Thread#6" [stack: 0x0000001e33400000,0x0000001e33500000] [id=12352]
  0x000001fde820a000 GCTaskThread "GC Thread#7" [stack: 0x0000001e33500000,0x0000001e33600000] [id=11540]
  0x000001fde8283800 ConcurrentGCThread "G1 Main Marker" [stack: 0x0000001e33600000,0x0000001e33700000] [id=16008]
  0x000001fde8284800 ConcurrentGCThread "G1 Conc#0" [stack: 0x0000001e33700000,0x0000001e33800000] [id=19264]
  0x000001fde8285000 ConcurrentGCThread "G1 Conc#1" [stack: 0x0000001e33800000,0x0000001e33900000] [id=6568]
  0x000001fde82ad800 ConcurrentGCThread "G1 Refine#0" [stack: 0x0000001e33900000,0x0000001e33a00000] [id=6640]
  0x000001fde82ae000 ConcurrentGCThread "G1 Refine#1" [stack: 0x0000001e33a00000,0x0000001e33b00000] [id=12608]
  0x000001fdfaca0000 ConcurrentGCThread "G1 Refine#2" [stack: 0x0000001e33b00000,0x0000001e33c00000] [id=11736]
  0x000001fdfaca1000 ConcurrentGCThread "G1 Refine#3" [stack: 0x0000001e33c00000,0x0000001e33d00000] [id=19496]
  0x000001fdfacb6000 ConcurrentGCThread "G1 Refine#4" [stack: 0x0000001e33d00000,0x0000001e33e00000] [id=11748]
  0x000001fdfacc0000 ConcurrentGCThread "G1 Refine#5" [stack: 0x0000001e33e00000,0x0000001e33f00000] [id=19624]
  0x000001fdfacc2800 ConcurrentGCThread "G1 Refine#6" [stack: 0x0000001e33f00000,0x0000001e34000000] [id=3660]
  0x000001fdfacc3000 ConcurrentGCThread "G1 Refine#7" [stack: 0x0000001e34000000,0x0000001e34100000] [id=8392]
  0x000001fdfacc4000 ConcurrentGCThread "G1 Young RemSet Sampling" [stack: 0x0000001e34100000,0x0000001e34200000] [id=3688]

Threads with active compile tasks:
C2 CompilerThread02874       4       org.eclipse.sisu.inject.LocatedBeans$Itr::hasNext (161 bytes)
C2 CompilerThread12901       4       org.eclipse.sisu.plexus.RealmFilteredBeans$FilteredItr::hasNext (81 bytes)
C2 CompilerThread22966   !   4       org.codehaus.plexus.interpolation.StringSearchInterpolator::interpolate (650 bytes)

VM state:not at safepoint (normal execution)

VM Mutex/Monitor currently owned by a thread: None

Heap address: 0x0000000081c00000, size: 2020 MB, Compressed Oops mode: 32-bit
Narrow klass base: 0x0000000000000000, Narrow klass shift: 3
Compressed class space size: 1073741824 Address: 0x0000000100000000

Heap:
 garbage-first heap   total 131072K, used 17115K [0x0000000081c00000, 0x0000000100000000)
  region size 1024K, 15 young (15360K), 6 survivors (6144K)
 Metaspace       used 20904K, capacity 21203K, committed 21504K, reserved 1069056K
  class space    used 2140K, capacity 2278K, committed 2304K, reserved 1048576K
Heap Regions: E=young(eden), S=young(survivor), O=old, HS=humongous(starts), HC=humongous(continues), CS=collection set, F=free, A=archive, TS=gc time stamp, AC=allocation context, TAMS=top-at-mark-start (previous, next)
|   0|0x0000000081c00000, 0x0000000081d00000, 0x0000000081d00000|100%| O|  |TS  0|AC  0|TAMS 0x0000000081d00000, 0x0000000081d00000|
|   1|0x0000000081d00000, 0x0000000081e00000, 0x0000000081e00000|100%| O|  |TS  0|AC  0|TAMS 0x0000000081e00000, 0x0000000081e00000|
|   2|0x0000000081e00000, 0x0000000081f00000, 0x0000000081f00000|100%| O|  |TS  0|AC  0|TAMS 0x0000000081f00000, 0x0000000081f00000|
|   3|0x0000000081f00000, 0x0000000081f6e000, 0x0000000082000000| 42%| O|  |TS  0|AC  0|TAMS 0x0000000081f6e000, 0x0000000081f6e000|
|   4|0x0000000082000000, 0x0000000082000000, 0x0000000082100000|  0%| F|  |TS  0|AC  0|TAMS 0x0000000082000000, 0x0000000082000000|
|   5|0x0000000082100000, 0x0000000082100000, 0x0000000082200000|  0%| F|  |TS  0|AC  0|TAMS 0x0000000082100000, 0x0000000082100000|
|   6|0x0000000082200000, 0x0000000082200000, 0x0000000082300000|  0%| F|  |TS  0|AC  0|TAMS 0x0000000082200000, 0x0000000082200000|
|   7|0x0000000082300000, 0x0000000082300000, 0x0000000082400000|  0%| F|  |TS  0|AC  0|TAMS 0x0000000082300000, 0x0000000082300000|
|   8|0x0000000082400000, 0x0000000082400000, 0x0000000082500000|  0%| F|  |TS  0|AC  0|TAMS 0x0000000082400000, 0x0000000082400000|
|   9|0x0000000082500000, 0x0000000082500000, 0x0000000082600000|  0%| F|  |TS  0|AC  0|TAMS 0x0000000082500000, 0x0000000082500000|
|  10|0x0000000082600000, 0x0000000082600000, 0x0000000082700000|  0%| F|  |TS  0|AC  0|TAMS 0x0000000082600000, 0x0000000082600000|
|  11|0x0000000082700000, 0x0000000082700000, 0x0000000082800000|  0%| F|  |TS  0|AC  0|TAMS 0x0000000082700000, 0x0000000082700000|
|  12|0x0000000082800000, 0x0000000082800000, 0x0000000082900000|  0%| F|  |TS  0|AC  0|TAMS 0x0000000082800000, 0x0000000082800000|
|  13|0x0000000082900000, 0x0000000082900000, 0x0000000082a00000|  0%| F|  |TS  0|AC  0|TAMS 0x0000000082900000, 0x0000000082900000|
|  14|0x0000000082a00000, 0x0000000082a00000, 0x0000000082b00000|  0%| F|  |TS  0|AC  0|TAMS 0x0000000082a00000, 0x0000000082a00000|
|  15|0x0000000082b00000, 0x0000000082b00000, 0x0000000082c00000|  0%| F|  |TS  0|AC  0|TAMS 0x0000000082b00000, 0x0000000082b00000|
|  16|0x0000000082c00000, 0x0000000082c00000, 0x0000000082d00000|  0%| F|  |TS  0|AC  0|TAMS 0x0000000082c00000, 0x0000000082c00000|
|  17|0x0000000082d00000, 0x0000000082d00000, 0x0000000082e00000|  0%| F|  |TS  0|AC  0|TAMS 0x0000000082d00000, 0x0000000082d00000|
|  18|0x0000000082e00000, 0x0000000082e00000, 0x0000000082f00000|  0%| F|  |TS  0|AC  0|TAMS 0x0000000082e00000, 0x0000000082e00000|
|  19|0x0000000082f00000, 0x0000000082f00000, 0x0000000083000000|  0%| F|  |TS  0|AC  0|TAMS 0x0000000082f00000, 0x0000000082f00000|
|  20|0x0000000083000000, 0x0000000083000000, 0x0000000083100000|  0%| F|  |TS  0|AC  0|TAMS 0x0000000083000000, 0x0000000083000000|
|  21|0x0000000083100000, 0x0000000083100000, 0x0000000083200000|  0%| F|  |TS  0|AC  0|TAMS 0x0000000083100000, 0x0000000083100000|
|  22|0x0000000083200000, 0x0000000083200000, 0x0000000083300000|  0%| F|  |TS  0|AC  0|TAMS 0x0000000083200000, 0x0000000083200000|
|  23|0x0000000083300000, 0x0000000083300000, 0x0000000083400000|  0%| F|  |TS  0|AC  0|TAMS 0x0000000083300000, 0x0000000083300000|
|  24|0x0000000083400000, 0x0000000083400000, 0x0000000083500000|  0%| F|  |TS  0|AC  0|TAMS 0x0000000083400000, 0x0000000083400000|
|  25|0x0000000083500000, 0x0000000083500000, 0x0000000083600000|  0%| F|  |TS  0|AC  0|TAMS 0x0000000083500000, 0x0000000083500000|
|  26|0x0000000083600000, 0x0000000083600000, 0x0000000083700000|  0%| F|  |TS  0|AC  0|TAMS 0x0000000083600000, 0x0000000083600000|
|  27|0x0000000083700000, 0x0000000083700000, 0x0000000083800000|  0%| F|  |TS  0|AC  0|TAMS 0x0000000083700000, 0x0000000083700000|
|  28|0x0000000083800000, 0x0000000083800000, 0x0000000083900000|  0%| F|  |TS  0|AC  0|TAMS 0x0000000083800000, 0x0000000083800000|
|  29|0x0000000083900000, 0x0000000083900000, 0x0000000083a00000|  0%| F|  |TS  0|AC  0|TAMS 0x0000000083900000, 0x0000000083900000|
|  30|0x0000000083a00000, 0x0000000083a00000, 0x0000000083b00000|  0%| F|  |TS  0|AC  0|TAMS 0x0000000083a00000, 0x0000000083a00000|
|  31|0x0000000083b00000, 0x0000000083b00000, 0x0000000083c00000|  0%| F|  |TS  0|AC  0|TAMS 0x0000000083b00000, 0x0000000083b00000|
|  32|0x0000000083c00000, 0x0000000083c00000, 0x0000000083d00000|  0%| F|  |TS  0|AC  0|TAMS 0x0000000083c00000, 0x0000000083c00000|
|  33|0x0000000083d00000, 0x0000000083d00000, 0x0000000083e00000|  0%| F|  |TS  0|AC  0|TAMS 0x0000000083d00000, 0x0000000083d00000|
|  34|0x0000000083e00000, 0x0000000083e00000, 0x0000000083f00000|  0%| F|  |TS  0|AC  0|TAMS 0x0000000083e00000, 0x0000000083e00000|
|  35|0x0000000083f00000, 0x0000000083f00000, 0x0000000084000000|  0%| F|  |TS  0|AC  0|TAMS 0x0000000083f00000, 0x0000000083f00000|
|  36|0x0000000084000000, 0x0000000084000000, 0x0000000084100000|  0%| F|  |TS  0|AC  0|TAMS 0x0000000084000000, 0x0000000084000000|
|  37|0x0000000084100000, 0x0000000084100000, 0x0000000084200000|  0%| F|  |TS  0|AC  0|TAMS 0x0000000084100000, 0x0000000084100000|
|  38|0x0000000084200000, 0x0000000084200000, 0x0000000084300000|  0%| F|  |TS  0|AC  0|TAMS 0x0000000084200000, 0x0000000084200000|
|  39|0x0000000084300000, 0x0000000084300000, 0x0000000084400000|  0%| F|  |TS  0|AC  0|TAMS 0x0000000084300000, 0x0000000084300000|
|  40|0x0000000084400000, 0x0000000084400000, 0x0000000084500000|  0%| F|  |TS  0|AC  0|TAMS 0x0000000084400000, 0x0000000084400000|
|  41|0x0000000084500000, 0x0000000084500000, 0x0000000084600000|  0%| F|  |TS  0|AC  0|TAMS 0x0000000084500000, 0x0000000084500000|
|  42|0x0000000084600000, 0x0000000084600000, 0x0000000084700000|  0%| F|  |TS  0|AC  0|TAMS 0x0000000084600000, 0x0000000084600000|
|  43|0x0000000084700000, 0x0000000084700000, 0x0000000084800000|  0%| F|  |TS  0|AC  0|TAMS 0x0000000084700000, 0x0000000084700000|
|  44|0x0000000084800000, 0x0000000084800000, 0x0000000084900000|  0%| F|  |TS  0|AC  0|TAMS 0x0000000084800000, 0x0000000084800000|
|  45|0x0000000084900000, 0x0000000084900000, 0x0000000084a00000|  0%| F|  |TS  0|AC  0|TAMS 0x0000000084900000, 0x0000000084900000|
|  46|0x0000000084a00000, 0x0000000084a00000, 0x0000000084b00000|  0%| F|  |TS  0|AC  0|TAMS 0x0000000084a00000, 0x0000000084a00000|
|  47|0x0000000084b00000, 0x0000000084b00000, 0x0000000084c00000|  0%| F|  |TS  0|AC  0|TAMS 0x0000000084b00000, 0x0000000084b00000|
|  48|0x0000000084c00000, 0x0000000084c00000, 0x0000000084d00000|  0%| F|  |TS  0|AC  0|TAMS 0x0000000084c00000, 0x0000000084c00000|
|  49|0x0000000084d00000, 0x0000000084d00000, 0x0000000084e00000|  0%| F|  |TS  0|AC  0|TAMS 0x0000000084d00000, 0x0000000084d00000|
|  50|0x0000000084e00000, 0x0000000084e00000, 0x0000000084f00000|  0%| F|  |TS  0|AC  0|TAMS 0x0000000084e00000, 0x0000000084e00000|
|  51|0x0000000084f00000, 0x0000000084f00000, 0x0000000085000000|  0%| F|  |TS  0|AC  0|TAMS 0x0000000084f00000, 0x0000000084f00000|
|  52|0x0000000085000000, 0x0000000085000000, 0x0000000085100000|  0%| F|  |TS  0|AC  0|TAMS 0x0000000085000000, 0x0000000085000000|
|  53|0x0000000085100000, 0x0000000085100000, 0x0000000085200000|  0%| F|  |TS  0|AC  0|TAMS 0x0000000085100000, 0x0000000085100000|
|  54|0x0000000085200000, 0x0000000085200000, 0x0000000085300000|  0%| F|  |TS  0|AC  0|TAMS 0x0000000085200000, 0x0000000085200000|
|  55|0x0000000085300000, 0x0000000085300000, 0x0000000085400000|  0%| F|  |TS  0|AC  0|TAMS 0x0000000085300000, 0x0000000085300000|
|  56|0x0000000085400000, 0x0000000085400000, 0x0000000085500000|  0%| F|  |TS  0|AC  0|TAMS 0x0000000085400000, 0x0000000085400000|
|  57|0x0000000085500000, 0x0000000085500000, 0x0000000085600000|  0%| F|  |TS  0|AC  0|TAMS 0x0000000085500000, 0x0000000085500000|
|  58|0x0000000085600000, 0x0000000085600000, 0x0000000085700000|  0%| F|  |TS  0|AC  0|TAMS 0x0000000085600000, 0x0000000085600000|
|  59|0x0000000085700000, 0x0000000085700000, 0x0000000085800000|  0%| F|  |TS  0|AC  0|TAMS 0x0000000085700000, 0x0000000085700000|
|  60|0x0000000085800000, 0x0000000085800000, 0x0000000085900000|  0%| F|  |TS  0|AC  0|TAMS 0x0000000085800000, 0x0000000085800000|
|  61|0x0000000085900000, 0x0000000085900000, 0x0000000085a00000|  0%| F|  |TS  0|AC  0|TAMS 0x0000000085900000, 0x0000000085900000|
|  62|0x0000000085a00000, 0x0000000085a00000, 0x0000000085b00000|  0%| F|  |TS  0|AC  0|TAMS 0x0000000085a00000, 0x0000000085a00000|
|  63|0x0000000085b00000, 0x0000000085b00000, 0x0000000085c00000|  0%| F|  |TS  0|AC  0|TAMS 0x0000000085b00000, 0x0000000085b00000|
|  64|0x0000000085c00000, 0x0000000085c00000, 0x0000000085d00000|  0%| F|  |TS  0|AC  0|TAMS 0x0000000085c00000, 0x0000000085c00000|
|  65|0x0000000085d00000, 0x0000000085d00000, 0x0000000085e00000|  0%| F|  |TS  0|AC  0|TAMS 0x0000000085d00000, 0x0000000085d00000|
|  66|0x0000000085e00000, 0x0000000085e00000, 0x0000000085f00000|  0%| F|  |TS  0|AC  0|TAMS 0x0000000085e00000, 0x0000000085e00000|
|  67|0x0000000085f00000, 0x0000000085f00000, 0x0000000086000000|  0%| F|  |TS  0|AC  0|TAMS 0x0000000085f00000, 0x0000000085f00000|
|  68|0x0000000086000000, 0x0000000086000000, 0x0000000086100000|  0%| F|  |TS  0|AC  0|TAMS 0x0000000086000000, 0x0000000086000000|
|  69|0x0000000086100000, 0x0000000086100000, 0x0000000086200000|  0%| F|  |TS  0|AC  0|TAMS 0x0000000086100000, 0x0000000086100000|
|  70|0x0000000086200000, 0x0000000086200000, 0x0000000086300000|  0%| F|  |TS  0|AC  0|TAMS 0x0000000086200000, 0x0000000086200000|
|  71|0x0000000086300000, 0x0000000086300000, 0x0000000086400000|  0%| F|  |TS  0|AC  0|TAMS 0x0000000086300000, 0x0000000086300000|
|  72|0x0000000086400000, 0x0000000086400000, 0x0000000086500000|  0%| F|  |TS  0|AC  0|TAMS 0x0000000086400000, 0x0000000086400000|
|  73|0x0000000086500000, 0x0000000086500000, 0x0000000086600000|  0%| F|  |TS  0|AC  0|TAMS 0x0000000086500000, 0x0000000086500000|
|  74|0x0000000086600000, 0x0000000086600000, 0x0000000086700000|  0%| F|  |TS  0|AC  0|TAMS 0x0000000086600000, 0x0000000086600000|
|  75|0x0000000086700000, 0x0000000086700000, 0x0000000086800000|  0%| F|  |TS  0|AC  0|TAMS 0x0000000086700000, 0x0000000086700000|
|  76|0x0000000086800000, 0x0000000086800000, 0x0000000086900000|  0%| F|  |TS  0|AC  0|TAMS 0x0000000086800000, 0x0000000086800000|
|  77|0x0000000086900000, 0x0000000086900000, 0x0000000086a00000|  0%| F|  |TS  0|AC  0|TAMS 0x0000000086900000, 0x0000000086900000|
|  78|0x0000000086a00000, 0x0000000086a00000, 0x0000000086b00000|  0%| F|  |TS  0|AC  0|TAMS 0x0000000086a00000, 0x0000000086a00000|
|  79|0x0000000086b00000, 0x0000000086b00000, 0x0000000086c00000|  0%| F|  |TS  0|AC  0|TAMS 0x0000000086b00000, 0x0000000086b00000|
|  80|0x0000000086c00000, 0x0000000086c00000, 0x0000000086d00000|  0%| F|  |TS  0|AC  0|TAMS 0x0000000086c00000, 0x0000000086c00000|
|  81|0x0000000086d00000, 0x0000000086d00000, 0x0000000086e00000|  0%| F|  |TS  0|AC  0|TAMS 0x0000000086d00000, 0x0000000086d00000|
|  82|0x0000000086e00000, 0x0000000086e00000, 0x0000000086f00000|  0%| F|  |TS  0|AC  0|TAMS 0x0000000086e00000, 0x0000000086e00000|
|  83|0x0000000086f00000, 0x0000000086f00000, 0x0000000087000000|  0%| F|  |TS  0|AC  0|TAMS 0x0000000086f00000, 0x0000000086f00000|
|  84|0x0000000087000000, 0x0000000087000000, 0x0000000087100000|  0%| F|  |TS  0|AC  0|TAMS 0x0000000087000000, 0x0000000087000000|
|  85|0x0000000087100000, 0x0000000087100000, 0x0000000087200000|  0%| F|  |TS  0|AC  0|TAMS 0x0000000087100000, 0x0000000087100000|
|  86|0x0000000087200000, 0x0000000087200000, 0x0000000087300000|  0%| F|  |TS  0|AC  0|TAMS 0x0000000087200000, 0x0000000087200000|
|  87|0x0000000087300000, 0x0000000087300000, 0x0000000087400000|  0%| F|  |TS  0|AC  0|TAMS 0x0000000087300000, 0x0000000087300000|
|  88|0x0000000087400000, 0x0000000087400000, 0x0000000087500000|  0%| F|  |TS  0|AC  0|TAMS 0x0000000087400000, 0x0000000087400000|
|  89|0x0000000087500000, 0x0000000087500000, 0x0000000087600000|  0%| F|  |TS  0|AC  0|TAMS 0x0000000087500000, 0x0000000087500000|
|  90|0x0000000087600000, 0x0000000087600000, 0x0000000087700000|  0%| F|  |TS  0|AC  0|TAMS 0x0000000087600000, 0x0000000087600000|
|  91|0x0000000087700000, 0x0000000087700000, 0x0000000087800000|  0%| F|  |TS  0|AC  0|TAMS 0x0000000087700000, 0x0000000087700000|
|  92|0x0000000087800000, 0x0000000087800000, 0x0000000087900000|  0%| F|  |TS  0|AC  0|TAMS 0x0000000087800000, 0x0000000087800000|
|  93|0x0000000087900000, 0x0000000087900000, 0x0000000087a00000|  0%| F|  |TS  0|AC  0|TAMS 0x0000000087900000, 0x0000000087900000|
|  94|0x0000000087a00000, 0x0000000087a00000, 0x0000000087b00000|  0%| F|  |TS  0|AC  0|TAMS 0x0000000087a00000, 0x0000000087a00000|
|  95|0x0000000087b00000, 0x0000000087b00000, 0x0000000087c00000|  0%| F|  |TS  0|AC  0|TAMS 0x0000000087b00000, 0x0000000087b00000|
|  96|0x0000000087c00000, 0x0000000087c00000, 0x0000000087d00000|  0%| F|  |TS  0|AC  0|TAMS 0x0000000087c00000, 0x0000000087c00000|
|  97|0x0000000087d00000, 0x0000000087d00000, 0x0000000087e00000|  0%| F|  |TS  0|AC  0|TAMS 0x0000000087d00000, 0x0000000087d00000|
|  98|0x0000000087e00000, 0x0000000087e00000, 0x0000000087f00000|  0%| F|  |TS  0|AC  0|TAMS 0x0000000087e00000, 0x0000000087e00000|
|  99|0x0000000087f00000, 0x0000000087f00000, 0x0000000088000000|  0%| F|  |TS  0|AC  0|TAMS 0x0000000087f00000, 0x0000000087f00000|
| 100|0x0000000088000000, 0x0000000088000000, 0x0000000088100000|  0%| F|  |TS  0|AC  0|TAMS 0x0000000088000000, 0x0000000088000000|
| 101|0x0000000088100000, 0x0000000088100000, 0x0000000088200000|  0%| F|  |TS  0|AC  0|TAMS 0x0000000088100000, 0x0000000088100000|
| 102|0x0000000088200000, 0x0000000088200000, 0x0000000088300000|  0%| F|  |TS  0|AC  0|TAMS 0x0000000088200000, 0x0000000088200000|
| 103|0x0000000088300000, 0x0000000088300000, 0x0000000088400000|  0%| F|  |TS  0|AC  0|TAMS 0x0000000088300000, 0x0000000088300000|
| 104|0x0000000088400000, 0x0000000088400000, 0x0000000088500000|  0%| F|  |TS  0|AC  0|TAMS 0x0000000088400000, 0x0000000088400000|
| 105|0x0000000088500000, 0x0000000088500000, 0x0000000088600000|  0%| F|  |TS  0|AC  0|TAMS 0x0000000088500000, 0x0000000088500000|
| 106|0x0000000088600000, 0x0000000088600000, 0x0000000088700000|  0%| F|  |TS  0|AC  0|TAMS 0x0000000088600000, 0x0000000088600000|
| 107|0x0000000088700000, 0x0000000088700000, 0x0000000088800000|  0%| F|  |TS  0|AC  0|TAMS 0x0000000088700000, 0x0000000088700000|
| 108|0x0000000088800000, 0x0000000088800000, 0x0000000088900000|  0%| F|  |TS  0|AC  0|TAMS 0x0000000088800000, 0x0000000088800000|
| 109|0x0000000088900000, 0x0000000088900000, 0x0000000088a00000|  0%| F|  |TS  0|AC  0|TAMS 0x0000000088900000, 0x0000000088900000|
| 110|0x0000000088a00000, 0x0000000088a00000, 0x0000000088b00000|  0%| F|  |TS  0|AC  0|TAMS 0x0000000088a00000, 0x0000000088a00000|
| 111|0x0000000088b00000, 0x0000000088b00000, 0x0000000088c00000|  0%| F|  |TS  0|AC  0|TAMS 0x0000000088b00000, 0x0000000088b00000|
| 112|0x0000000088c00000, 0x0000000088c00000, 0x0000000088d00000|  0%| F|  |TS  0|AC  0|TAMS 0x0000000088c00000, 0x0000000088c00000|
| 113|0x0000000088d00000, 0x0000000088d80800, 0x0000000088e00000| 50%| E|  |TS  0|AC  0|TAMS 0x0000000088d00000, 0x0000000088d00000|
| 114|0x0000000088e00000, 0x0000000088f00000, 0x0000000088f00000|100%| E|CS|TS  0|AC  0|TAMS 0x0000000088e00000, 0x0000000088e00000|
| 115|0x0000000088f00000, 0x0000000088f48e40, 0x0000000089000000| 28%| S|CS|TS  0|AC  0|TAMS 0x0000000088f00000, 0x0000000088f00000|
| 116|0x0000000089000000, 0x0000000089100000, 0x0000000089100000|100%| S|CS|TS  0|AC  0|TAMS 0x0000000089000000, 0x0000000089000000|
| 117|0x0000000089100000, 0x0000000089200000, 0x0000000089200000|100%| S|CS|TS  0|AC  0|TAMS 0x0000000089100000, 0x0000000089100000|
| 118|0x0000000089200000, 0x0000000089300000, 0x0000000089300000|100%| S|CS|TS  0|AC  0|TAMS 0x0000000089200000, 0x0000000089200000|
| 119|0x0000000089300000, 0x0000000089400000, 0x0000000089400000|100%| S|CS|TS  0|AC  0|TAMS 0x0000000089300000, 0x0000000089300000|
| 120|0x0000000089400000, 0x0000000089500000, 0x0000000089500000|100%| S|CS|TS  0|AC  0|TAMS 0x0000000089400000, 0x0000000089400000|
| 121|0x0000000089500000, 0x0000000089600000, 0x0000000089600000|100%| E|CS|TS  0|AC  0|TAMS 0x0000000089500000, 0x0000000089500000|
| 122|0x0000000089600000, 0x0000000089700000, 0x0000000089700000|100%| E|CS|TS  0|AC  0|TAMS 0x0000000089600000, 0x0000000089600000|
| 123|0x0000000089700000, 0x0000000089800000, 0x0000000089800000|100%| E|CS|TS  0|AC  0|TAMS 0x0000000089700000, 0x0000000089700000|
| 124|0x0000000089800000, 0x0000000089900000, 0x0000000089900000|100%| E|CS|TS  0|AC  0|TAMS 0x0000000089800000, 0x0000000089800000|
| 125|0x0000000089900000, 0x0000000089a00000, 0x0000000089a00000|100%| E|CS|TS  0|AC  0|TAMS 0x0000000089900000, 0x0000000089900000|
| 126|0x0000000089a00000, 0x0000000089b00000, 0x0000000089b00000|100%| E|CS|TS  0|AC  0|TAMS 0x0000000089a00000, 0x0000000089a00000|
| 127|0x0000000089b00000, 0x0000000089c00000, 0x0000000089c00000|100%| E|CS|TS  0|AC  0|TAMS 0x0000000089b00000, 0x0000000089b00000|

Card table byte_map: [0x000001fdf3c90000,0x000001fdf4090000] byte_map_base: 0x000001fdf3882000

Marking Bits (Prev, Next): (CMBitMap*) 0x000001fde8282d18, (CMBitMap*) 0x000001fde8282ce0
 Prev Bits: [0x000001fdf6420000, 0x000001fdf83b0000)
 Next Bits: [0x000001fdf4490000, 0x000001fdf6420000)

Polling page: 0x000001fde5f50000

CodeHeap 'non-profiled nmethods': size=120000Kb used=1544Kb max_used=1544Kb free=118455Kb
 bounds [0x000001fd87ad0000, 0x000001fd87d40000, 0x000001fd8f000000]
CodeHeap 'profiled nmethods': size=120000Kb used=6406Kb max_used=6406Kb free=113593Kb
 bounds [0x000001fd805a0000, 0x000001fd80bf0000, 0x000001fd87ad0000]
CodeHeap 'non-nmethods': size=5760Kb used=1134Kb max_used=1143Kb free=4625Kb
 bounds [0x000001fd80000000, 0x000001fd80270000, 0x000001fd805a0000]
 total_blobs=4163 nmethods=3071 adapters=328
 compilation: enabled

Compilation events (10 events):
Event: 3.469 Thread 0x000001fdfb6ae000 3060       3       org.eclipse.aether.RepositoryEvent$Builder::setTrace (7 bytes)
Event: 3.469 Thread 0x000001fdfb6ae000 nmethod 3060 0x000001fd80bd2610 code [0x000001fd80bd27c0, 0x000001fd80bd2978]
Event: 3.469 Thread 0x000001fdfb6ae000 3061       3       org.eclipse.aether.RepositoryEvent$Builder::setArtifact (7 bytes)
Event: 3.469 Thread 0x000001fdfb6ae000 nmethod 3061 0x000001fd80bd2a10 code [0x000001fd80bd2bc0, 0x000001fd80bd2d78]
Event: 3.470 Thread 0x000001fdfb6ae000 3062       3       org.eclipse.aether.RepositoryEvent$Builder::build (9 bytes)
Event: 3.470 Thread 0x000001fdfb6ae000 nmethod 3062 0x000001fd80bd2e10 code [0x000001fd80bd2fe0, 0x000001fd80bd31f0]
Event: 3.472 Thread 0x000001fdfb6ae000 3063       1       org.apache.maven.model.Model::setModelEncoding (6 bytes)
Event: 3.472 Thread 0x000001fdfb6ae000 nmethod 3063 0x000001fd87c50890 code [0x000001fd87c50a40, 0x000001fd87c50bb8]
Event: 3.477 Thread 0x000001fdfb6ae000 3064       1       org.apache.maven.model.building.DefaultModelBuildingRequest::isLocationTracking (5 bytes)
Event: 3.477 Thread 0x000001fdfb6ae000 nmethod 3064 0x000001fd87c50c10 code [0x000001fd87c50dc0, 0x000001fd87c50ed8]

GC Heap History (6 events):
Event: 1.055 GC heap before
{Heap before GC invocations=0 (full 0):
 garbage-first heap   total 131072K, used 24576K [0x0000000081c00000, 0x0000000100000000)
  region size 1024K, 24 young (24576K), 0 survivors (0K)
 Metaspace       used 12693K, capacity 12886K, committed 13184K, reserved 1060864K
  class space    used 1253K, capacity 1343K, committed 1408K, reserved 1048576K
}
Event: 1.062 GC heap after
{Heap after GC invocations=1 (full 0):
 garbage-first heap   total 131072K, used 3721K [0x0000000081c00000, 0x0000000100000000)
  region size 1024K, 3 young (3072K), 3 survivors (3072K)
 Metaspace       used 12693K, capacity 12886K, committed 13184K, reserved 1060864K
  class space    used 1253K, capacity 1343K, committed 1408K, reserved 1048576K
}
Event: 3.210 GC heap before
{Heap before GC invocations=1 (full 0):
 garbage-first heap   total 131072K, used 78473K [0x0000000081c00000, 0x0000000100000000)
  region size 1024K, 76 young (77824K), 3 survivors (3072K)
 Metaspace       used 20586K, capacity 20947K, committed 21248K, reserved 1069056K
  class space    used 2116K, capacity 2241K, committed 2304K, reserved 1048576K
}
Event: 3.225 GC heap after
{Heap after GC invocations=2 (full 0):
 garbage-first heap   total 131072K, used 8253K [0x0000000081c00000, 0x0000000100000000)
  region size 1024K, 8 young (8192K), 8 survivors (8192K)
 Metaspace       used 20586K, capacity 20947K, committed 21248K, reserved 1069056K
  class space    used 2116K, capacity 2241K, committed 2304K, reserved 1048576K
}
Event: 3.307 GC heap before
{Heap before GC invocations=2 (full 0):
 garbage-first heap   total 131072K, used 14397K [0x0000000081c00000, 0x0000000100000000)
  region size 1024K, 15 young (15360K), 8 survivors (8192K)
 Metaspace       used 20644K, capacity 20959K, committed 21248K, reserved 1069056K
  class space    used 2118K, capacity 2243K, committed 2304K, reserved 1048576K
}
Event: 3.317 GC heap after
{Heap after GC invocations=3 (full 0):
 garbage-first heap   total 131072K, used 8923K [0x0000000081c00000, 0x0000000100000000)
  region size 1024K, 6 young (6144K), 6 survivors (6144K)
 Metaspace       used 20644K, capacity 20959K, committed 21248K, reserved 1069056K
  class space    used 2118K, capacity 2243K, committed 2304K, reserved 1048576K
}

Deoptimization events (10 events):
Event: 2.933 Thread 0x000001fde81db000 Uncommon trap: reason=unstable_if action=reinterpret pc=0x000001fd87b6582c method=java.lang.String.regionMatches(ZILjava/lang/String;II)Z @ 21 c2
Event: 3.102 Thread 0x000001fde81db000 Uncommon trap: reason=predicate action=maybe_recompile pc=0x000001fd87c16350 method=java.util.AbstractCollection.toArray([Ljava/lang/Object;)[Ljava/lang/Object; @ 46 c2
Event: 3.106 Thread 0x000001fde81db000 Uncommon trap: reason=unstable_if action=reinterpret pc=0x000001fd87be7b7c method=org.codehaus.plexus.util.xml.pull.MXParser.nextImpl()I @ 280 c2
Event: 3.177 Thread 0x000001fde81db000 Uncommon trap: reason=array_check action=maybe_recompile pc=0x000001fd87c266cc method=java.util.AbstractCollection.toArray([Ljava/lang/Object;)[Ljava/lang/Object; @ 116 c2
Event: 3.178 Thread 0x000001fde81db000 Uncommon trap: reason=array_check action=maybe_recompile pc=0x000001fd87c266cc method=java.util.AbstractCollection.toArray([Ljava/lang/Object;)[Ljava/lang/Object; @ 116 c2
Event: 3.178 Thread 0x000001fde81db000 Uncommon trap: reason=array_check action=maybe_recompile pc=0x000001fd87c266cc method=java.util.AbstractCollection.toArray([Ljava/lang/Object;)[Ljava/lang/Object; @ 116 c2
Event: 3.178 Thread 0x000001fde81db000 Uncommon trap: reason=array_check action=maybe_recompile pc=0x000001fd87c266cc method=java.util.AbstractCollection.toArray([Ljava/lang/Object;)[Ljava/lang/Object; @ 116 c2
Event: 3.233 Thread 0x000001fde81db000 Uncommon trap: reason=unstable_if action=reinterpret pc=0x000001fd87b59b44 method=java.io.WinNTFileSystem.normalize(Ljava/lang/String;)Ljava/lang/String; @ 128 c2
Event: 3.391 Thread 0x000001fde81db000 Uncommon trap: reason=unstable_if action=reinterpret pc=0x000001fd87c0b288 method=java.util.HashMap.getNode(ILjava/lang/Object;)Ljava/util/HashMap$Node; @ 53 c2
Event: 3.391 Thread 0x000001fde81db000 Uncommon trap: reason=unstable_if action=reinterpret pc=0x000001fd87b82784 method=java.util.HashMap.getNode(ILjava/lang/Object;)Ljava/util/HashMap$Node; @ 53 c2

Classes redefined (0 events):
No events

Internal exceptions (10 events):
Event: 0.551 Thread 0x000001fde81db000 Exception <a 'java/lang/NoSuchMethodError'{0x00000000894f3360}: java.lang.Object.lambda$union$1(Ljava/util/regex/Pattern$CharPredicate;I)Z> (0x00000000894f3360) thrown at [t:/workspace/open/src/hotspot/share/interpreter/linkResolver.cpp, line 741]
Event: 0.854 Thread 0x000001fde81db000 Exception <a 'java/lang/NoSuchMethodError'{0x0000000088a20c20}: java.lang.invoke.DirectMethodHandle$Holder.invokeInterface(Ljava/lang/Object;Ljava/lang/Object;Ljava/lang/Object;)I> (0x0000000088a20c20) thrown at [t:/workspace/open/src/hotspot/share/interp
Event: 0.860 Thread 0x000001fde81db000 Exception <a 'java/lang/NoSuchMethodError'{0x0000000088a35ea0}: java.lang.Object.of([Ljava/lang/Object;)Ljava/util/stream/Stream;> (0x0000000088a35ea0) thrown at [t:/workspace/open/src/hotspot/share/interpreter/linkResolver.cpp, line 741]
Event: 1.868 Thread 0x000001fde81db000 Exception <a 'java/lang/NoClassDefFoundError'{0x000000008757e178}: com/google/inject/servlet/ServletModuleTargetVisitor> (0x000000008757e178) thrown at [t:/workspace/open/src/hotspot/share/classfile/systemDictionary.cpp, line 222]
Event: 1.868 Thread 0x000001fde81db000 Exception <a 'java/lang/NoClassDefFoundError'{0x000000008757e178}> (0x000000008757e178) thrown at [t:/workspace/open/src/hotspot/share/prims/jvm.cpp, line 1349]
Event: 1.868 Thread 0x000001fde81db000 Exception <a 'java/lang/NoClassDefFoundError'{0x0000000087581358}: javax/annotation/Priority> (0x0000000087581358) thrown at [t:/workspace/open/src/hotspot/share/classfile/systemDictionary.cpp, line 222]
Event: 1.966 Thread 0x000001fde81db000 Exception <a 'java/lang/NoSuchMethodError'{0x000000008735afe0}: method resolution failed> (0x000000008735afe0) thrown at [t:/workspace/open/src/hotspot/share/prims/methodHandles.cpp, line 1226]
Event: 1.967 Thread 0x000001fde81db000 Exception <a 'java/lang/NoSuchMethodError'{0x000000008735f3f8}: java.lang.invoke.DirectMethodHandle$Holder.invokeStaticInit(Ljava/lang/Object;IIII)Ljava/lang/Object;> (0x000000008735f3f8) thrown at [t:/workspace/open/src/hotspot/share/interpreter/linkReso
Event: 2.608 Thread 0x000001fde81db000 Implicit null exception at 0x000001fd87b4f2f5 to 0x000001fd87b4f4a2
Event: 2.609 Thread 0x000001fde81db000 Implicit null exception at 0x000001fd87b6d22f to 0x000001fd87b6d29d

Events (10 events):
Event: 3.443 loading class java/lang/Character$CharacterCache
Event: 3.444 loading class java/lang/Character$CharacterCache done
Event: 3.452 loading class org/apache/maven/plugin/DefaultPluginRealmCache$CacheKey
Event: 3.452 loading class org/apache/maven/plugin/DefaultPluginRealmCache$CacheKey done
Event: 3.453 loading class org/apache/maven/plugin/CacheUtils
Event: 3.453 loading class org/apache/maven/plugin/CacheUtils done
Event: 3.454 loading class org/apache/maven/plugin/internal/PlexusUtilsInjector
Event: 3.454 loading class org/apache/maven/plugin/internal/PlexusUtilsInjector done
Event: 3.454 loading class org/apache/maven/plugin/internal/WagonExcluder
Event: 3.454 loading class org/apache/maven/plugin/internal/WagonExcluder done


Dynamic libraries:
0x00007ff7384c0000 - 0x00007ff7384fe000 	C:\Program Files\Java\jdk-10.0.2\bin\java.exe
0x00007ffffa6c0000 - 0x00007ffffa8a1000 	C:\Windows\SYSTEM32\ntdll.dll
0x00007ffff9bc0000 - 0x00007ffff9c72000 	C:\Windows\System32\KERNEL32.DLL
0x00007ffff7020000 - 0x00007ffff7293000 	C:\Windows\System32\KERNELBASE.dll
0x00007ffffa160000 - 0x00007ffffa201000 	C:\Windows\System32\ADVAPI32.dll
0x00007ffff9860000 - 0x00007ffff98fe000 	C:\Windows\System32\msvcrt.dll
0x00007ffff9ab0000 - 0x00007ffff9b0b000 	C:\Windows\System32\sechost.dll
0x00007ffffa210000 - 0x00007ffffa334000 	C:\Windows\System32\RPCRT4.dll
0x00007ffff8f90000 - 0x00007ffff9120000 	C:\Windows\System32\USER32.dll
0x00007ffff7000000 - 0x00007ffff7020000 	C:\Windows\System32\win32u.dll
0x00007ffffa660000 - 0x00007ffffa688000 	C:\Windows\System32\GDI32.dll
0x00007ffff6c10000 - 0x00007ffff6da2000 	C:\Windows\System32\gdi32full.dll
0x00007ffff72a0000 - 0x00007ffff733f000 	C:\Windows\System32\msvcp_win.dll
0x00007ffff6b10000 - 0x00007ffff6c0a000 	C:\Windows\System32\ucrtbase.dll
0x00007fffea830000 - 0x00007fffeaa99000 	C:\Windows\WinSxS\amd64_microsoft.windows.common-controls_6595b64144ccf1df_6.0.17134.167_none_fb4496d930639c5a\COMCTL32.dll
0x00007fffeeab0000 - 0x00007fffeeaba000 	C:\Windows\SYSTEM32\VERSION.dll
0x00007ffff9e20000 - 0x00007ffffa143000 	C:\Windows\System32\combase.dll
0x00007ffff6a90000 - 0x00007ffff6b0a000 	C:\Windows\System32\bcryptPrimitives.dll
0x00007ffff9d00000 - 0x00007ffff9d2d000 	C:\Windows\System32\IMM32.DLL
0x00007fffe0310000 - 0x00007fffe03a5000 	c:\program files (x86)\f-secure\antivirus\apps\ultralight\ulcore\1530012511.0\fshook64.dll
0x00007fffe00e0000 - 0x00007fffe01cf000 	C:\Program Files\Java\jdk-10.0.2\bin\msvcr120.dll
0x00007fffe0b10000 - 0x00007fffe0bb6000 	C:\Program Files\Java\jdk-10.0.2\bin\msvcp120.dll
0x00000000625a0000 - 0x0000000063010000 	C:\Program Files\Java\jdk-10.0.2\bin\server\jvm.dll
0x00007ffff95d0000 - 0x00007ffff95d8000 	C:\Windows\System32\PSAPI.DLL
0x00007fffe6720000 - 0x00007fffe6729000 	C:\Windows\SYSTEM32\WSOCK32.dll
0x00007ffff47e0000 - 0x00007ffff4803000 	C:\Windows\SYSTEM32\WINMM.dll
0x00007ffff9c80000 - 0x00007ffff9cec000 	C:\Windows\System32\WS2_32.dll
0x00007ffff4370000 - 0x00007ffff439a000 	C:\Windows\SYSTEM32\WINMMBASE.dll
0x00007ffff7340000 - 0x00007ffff7389000 	C:\Windows\System32\cfgmgr32.dll
0x00007fffefbe0000 - 0x00007fffefbef000 	C:\Program Files\Java\jdk-10.0.2\bin\verify.dll
0x00007ffff5410000 - 0x00007ffff55d9000 	C:\Windows\SYSTEM32\DBGHELP.DLL
0x00007fffe3d00000 - 0x00007fffe3d29000 	C:\Windows\SYSTEM32\dbgcore.DLL
0x00007fffe7a20000 - 0x00007fffe7a47000 	C:\Program Files\Java\jdk-10.0.2\bin\java.dll
0x00007fffe4890000 - 0x00007fffe48a6000 	C:\Program Files\Java\jdk-10.0.2\bin\zip.dll
0x00007fffef250000 - 0x00007fffef25a000 	C:\Program Files\Java\jdk-10.0.2\bin\jimage.dll
0x00007ffff7b50000 - 0x00007ffff8f90000 	C:\Windows\System32\SHELL32.dll
0x00007ffff9b10000 - 0x00007ffff9bb9000 	C:\Windows\System32\shcore.dll
0x00007ffff7390000 - 0x00007ffff7a9d000 	C:\Windows\System32\windows.storage.dll
0x00007ffff95e0000 - 0x00007ffff9631000 	C:\Windows\System32\shlwapi.dll
0x00007ffff6a70000 - 0x00007ffff6a81000 	C:\Windows\System32\kernel.appcore.dll
0x00007ffff69f0000 - 0x00007ffff6a0f000 	C:\Windows\System32\profapi.dll
0x00007ffff6a10000 - 0x00007ffff6a5c000 	C:\Windows\System32\powrprof.dll
0x00007ffff6a60000 - 0x00007ffff6a6a000 	C:\Windows\System32\FLTLIB.DLL
0x00007fffe4840000 - 0x00007fffe485a000 	C:\Program Files\Java\jdk-10.0.2\bin\net.dll
0x00007fffee780000 - 0x00007fffee85c000 	C:\Windows\SYSTEM32\WINHTTP.dll
0x00007ffff61f0000 - 0x00007ffff6256000 	C:\Windows\system32\mswsock.dll
0x00007fffe4820000 - 0x00007fffe4831000 	C:\Program Files\Java\jdk-10.0.2\bin\nio.dll
0x00007fffe4880000 - 0x00007fffe488a000 	C:\Program Files\Apache\maven\apache-maven-3.5.4\lib\jansi-native\windows64\jansi.dll

dbghelp: loaded successfully - version: 4.0.5 - missing functions: none
symbol engine: initialized successfully - sym options: 0x614 - pdb path: .;C:\Program Files\Java\jdk-10.0.2\bin;C:\Windows\SYSTEM32;C:\Windows\WinSxS\amd64_microsoft.windows.common-controls_6595b64144ccf1df_6.0.17134.167_none_fb4496d930639c5a;c:\program files (x86)\f-secure\antivirus\apps\ultralight\ulcore\1530012511.0;C:\Program Files\Java\jdk-10.0.2\bin\server;C:\Program Files\Apache\maven\apache-maven-3.5.4\lib\jansi-native\windows64

VM Arguments:
jvm_args: -Dclassworlds.conf=C:\Program Files\Apache\maven\apache-maven-3.5.4\bin\..\bin\m2.conf -Dmaven.home=C:\Program Files\Apache\maven\apache-maven-3.5.4\bin\.. -Dlibrary.jansi.path=C:\Program Files\Apache\maven\apache-maven-3.5.4\bin\..\lib\jansi-native -Dmaven.multiModuleProjectDirectory=C:\Users\User\Desktop\CucumberFramework\CucumberFramework 
java_command: org.codehaus.plexus.classworlds.launcher.Launcher clean test
java_class_path (initial): C:\Program Files\Apache\maven\apache-maven-3.5.4\bin\..\boot\plexus-classworlds-2.5.2.jar
Launcher Type: SUN_STANDARD

Logging:
Log output configuration:
#0: stdout all=warning uptime,level,tags
#1: stderr all=off uptime,level,tags

Environment Variables:
JAVA_HOME=C:\Program Files\Java\jdk-10.0.2
CLASSPATH=;C:\Program Files\Java\jdk-10.0.2\bin
PATH=C:\Program Files (x86)\Common Files\Oracle\Java\javapath;C:\Windows\system32;C:\Windows;C:\Windows\System32\Wbem;C:\Windows\System32\WindowsPowerShell\v1.0\;C:\Windows\System32\OpenSSH\;C:\Program Files\Apache\maven\apache-maven-3.5.4\bin;C:\Program Files\Java\jdk-10.0.2\bin;C:\Program Files\Java\jdk-10.0.2\bin;C:\Program Files\Apache\maven\apache-maven-3.5.4;C:\Users\User\AppData\Local\Microsoft\WindowsApps;C:\Program Files\Java\jdk-10.0.2\bin;
USERNAME=User
OS=Windows_NT
PROCESSOR_IDENTIFIER=Intel64 Family 6 Model 142 Stepping 10, GenuineIntel



---------------  S Y S T E M  ---------------

OS: Windows 10 , 64 bit Build 17134 (10.0.17134.1)

CPU:total 8 (initial active 8) (4 cores per cpu, 2 threads per core) family 6 model 142 stepping 10, cmov, cx8, fxsr, mmx, sse, sse2, sse3, ssse3, sse4.1, sse4.2, popcnt, avx, avx2, aes, clmul, erms, 3dnowpref, lzcnt, ht, tsc, tscinvbit, bmi1, bmi2, adx, fma

Memory: 4k page, physical 8270220k(751448k free), swap 22893448k(5228k free)

vm_info: Java HotSpot(TM) 64-Bit Server VM (10.0.2+13) for windows-amd64 JRE (10.0.2+13), built on Jun 28 2018 01:57:56 by "mach5one" with MS VC++ 12.0 (VS2013)

END.
