#
# There is insufficient memory for the Java Runtime Environment to continue.
# Native memory allocation (mmap) failed to map 134217728 bytes for Failed to commit area from 0x0000000081c00000 to 0x0000000089c00000 of length 134217728.
# Possible reasons:
#   The system is out of physical RAM or swap space
#   The process is running with CompressedOops enabled, and the Java Heap may be blocking the growth of the native heap
# Possible solutions:
#   Reduce memory load on the system
#   Increase physical memory or swap space
#   Check if swap backing store is full
#   Decrease Java heap size (-Xmx/-Xms)
#   Decrease number of Java threads
#   Decrease Java thread stack sizes (-Xss)
#   Set larger code cache with -XX:ReservedCodeCacheSize=
# This output file may be truncated or incomplete.
#
#  Out of Memory Error (t:/workspace/open/src/hotspot/os/windows/os_windows.cpp:3221), pid=14376, tid=18888
#
# JRE version:  (10.0.2+13) (build )
# Java VM: Java HotSpot(TM) 64-Bit Server VM (10.0.2+13, mixed mode, aot, tiered, compressed oops, g1 gc, windows-amd64)
# No core dump will be written. Minidumps are not enabled by default on client versions of Windows
#

---------------  S U M M A R Y ------------

Command Line: C:\Users\User\Desktop\CucumberFramework\CucumberFramework\target\surefire\surefirebooter11569722315012689959.jar C:\Users\User\Desktop\CucumberFramework\CucumberFramework\target\surefire\surefire3468654894357068707tmp C:\Users\User\Desktop\CucumberFramework\CucumberFramework\target\surefire\surefire_08692084916491065979tmp

Host: Intel(R) Core(TM) i5-8250U CPU @ 1.60GHz, 8 cores, 7G,  Windows 10 , 64 bit Build 17134 (10.0.17134.1)
Time: Mon Aug 06 20:27:50 2018 Malay Peninsula Standard Time elapsed time: 0 seconds (0d 0h 0m 0s)

---------------  T H R E A D  ---------------

Current thread (0x0000021a1bf0c000):  JavaThread "Unknown thread" [_thread_in_vm, id=18888, stack(0x00000052b8500000,0x00000052b8600000)]

Stack: [0x00000052b8500000,0x00000052b8600000]
Native frames: (J=compiled Java code, j=interpreted, Vv=VM code, C=native code)
V  [jvm.dll+0x5a01a9]
V  [jvm.dll+0x6bcf31]
V  [jvm.dll+0x6be126]
V  [jvm.dll+0x6be7b3]
V  [jvm.dll+0x234978]
V  [jvm.dll+0x59dac4]
V  [jvm.dll+0x592825]
V  [jvm.dll+0x2f632b]
V  [jvm.dll+0x2f6295]
V  [jvm.dll+0x2f6172]
V  [jvm.dll+0x2f8366]
V  [jvm.dll+0x344293]
V  [jvm.dll+0x3449a6]
V  [jvm.dll+0x344393]
V  [jvm.dll+0x2c4628]
V  [jvm.dll+0x2c5771]
V  [jvm.dll+0x69d1db]
V  [jvm.dll+0x69e9fc]
V  [jvm.dll+0x3519e9]
V  [jvm.dll+0x6856a2]
V  [jvm.dll+0x3ba0c3]
V  [jvm.dll+0x3bc261]
C  [java.exe+0x3531]
C  [java.exe+0xe1af]
C  [java.exe+0xe356]
C  [KERNEL32.DLL+0x13034]
C  [ntdll.dll+0x71431]


---------------  P R O C E S S  ---------------

Threads class SMR info:
_java_thread_list=0x0000021a19d31a00, length=0, elements={
}

Java Threads: ( => current thread )

Other Threads:
  0x0000021a1bf25800 GCTaskThread "GC Thread#0" [stack: 0x00000052b8600000,0x00000052b8700000] [id=16740]
  0x0000021a1bf27000 GCTaskThread "GC Thread#1" [stack: 0x00000052b8700000,0x00000052b8800000] [id=19388]
  0x0000021a1bf29800 GCTaskThread "GC Thread#2" [stack: 0x00000052b8800000,0x00000052b8900000] [id=3968]
  0x0000021a1bf2b000 GCTaskThread "GC Thread#3" [stack: 0x00000052b8900000,0x00000052b8a00000] [id=9056]
  0x0000021a1bf2c800 GCTaskThread "GC Thread#4" [stack: 0x00000052b8a00000,0x00000052b8b00000] [id=2428]
  0x0000021a1bf30800 GCTaskThread "GC Thread#5" [stack: 0x00000052b8b00000,0x00000052b8c00000] [id=18284]
  0x0000021a1bf36800 GCTaskThread "GC Thread#6" [stack: 0x00000052b8c00000,0x00000052b8d00000] [id=19436]
  0x0000021a1bf39000 GCTaskThread "GC Thread#7" [stack: 0x00000052b8d00000,0x00000052b8e00000] [id=10376]
  0x0000021a1bfad000 ConcurrentGCThread "G1 Main Marker" [stack: 0x00000052b8e00000,0x00000052b8f00000] [id=13452]
  0x0000021a1bfb0000 ConcurrentGCThread "G1 Conc#0" [stack: 0x00000052b8f00000,0x00000052b9000000] [id=19252]
  0x0000021a1bfb1000 ConcurrentGCThread "G1 Conc#1" [stack: 0x00000052b9000000,0x00000052b9100000] [id=19916]

[error occurred during error reporting (printing all threads), id 0xe0000002]

VM state:not at safepoint (not fully initialized)

VM Mutex/Monitor currently owned by a thread:  ([mutex/lock_event])
[0x0000021a1bf0a5b0] Heap_lock - owner thread: 0x0000021a1bf0c000

Heap address: 0x0000000081c00000, size: 2020 MB, Compressed Oops mode: Non-zero based: 0x0000000081c00000
Narrow klass base: 0x0000000000000000, Narrow klass shift: 0

GC Heap History (0 events):
No events

Deoptimization events (0 events):
No events

Classes redefined (0 events):
No events

Internal exceptions (0 events):
No events

Events (0 events):
No events


Dynamic libraries:
0x00007ff7384c0000 - 0x00007ff7384fe000 	C:\Program Files\Java\jdk-10.0.2\bin\java.exe
0x00007ffffa6c0000 - 0x00007ffffa8a1000 	C:\Windows\SYSTEM32\ntdll.dll
0x00007ffff9bc0000 - 0x00007ffff9c72000 	C:\Windows\System32\KERNEL32.DLL
0x00007ffff7020000 - 0x00007ffff7293000 	C:\Windows\System32\KERNELBASE.dll
0x00007ffffa160000 - 0x00007ffffa201000 	C:\Windows\System32\ADVAPI32.dll
0x00007ffff9860000 - 0x00007ffff98fe000 	C:\Windows\System32\msvcrt.dll
0x00007ffff9ab0000 - 0x00007ffff9b0b000 	C:\Windows\System32\sechost.dll
0x00007ffffa210000 - 0x00007ffffa334000 	C:\Windows\System32\RPCRT4.dll
0x00007ffff8f90000 - 0x00007ffff9120000 	C:\Windows\System32\USER32.dll
0x00007ffff7000000 - 0x00007ffff7020000 	C:\Windows\System32\win32u.dll
0x00007ffffa660000 - 0x00007ffffa688000 	C:\Windows\System32\GDI32.dll
0x00007ffff6c10000 - 0x00007ffff6da2000 	C:\Windows\System32\gdi32full.dll
0x00007ffff72a0000 - 0x00007ffff733f000 	C:\Windows\System32\msvcp_win.dll
0x00007ffff6b10000 - 0x00007ffff6c0a000 	C:\Windows\System32\ucrtbase.dll
0x00007fffea830000 - 0x00007fffeaa99000 	C:\Windows\WinSxS\amd64_microsoft.windows.common-controls_6595b64144ccf1df_6.0.17134.167_none_fb4496d930639c5a\COMCTL32.dll
0x00007ffff9e20000 - 0x00007ffffa143000 	C:\Windows\System32\combase.dll
0x00007fffeeab0000 - 0x00007fffeeaba000 	C:\Windows\SYSTEM32\VERSION.dll
0x00007ffff6a90000 - 0x00007ffff6b0a000 	C:\Windows\System32\bcryptPrimitives.dll
0x00007ffff9d00000 - 0x00007ffff9d2d000 	C:\Windows\System32\IMM32.DLL
0x00007fffe0310000 - 0x00007fffe03a5000 	c:\program files (x86)\f-secure\antivirus\apps\ultralight\ulcore\1530012511.0\fshook64.dll
0x00007fffe00e0000 - 0x00007fffe01cf000 	C:\Program Files\Java\jdk-10.0.2\bin\msvcr120.dll
0x00007fffe0b10000 - 0x00007fffe0bb6000 	C:\Program Files\Java\jdk-10.0.2\bin\msvcp120.dll
0x00000000625a0000 - 0x0000000063010000 	C:\Program Files\Java\jdk-10.0.2\bin\server\jvm.dll
0x00007ffff95d0000 - 0x00007ffff95d8000 	C:\Windows\System32\PSAPI.DLL
0x00007fffe6720000 - 0x00007fffe6729000 	C:\Windows\SYSTEM32\WSOCK32.dll
0x00007ffff47e0000 - 0x00007ffff4803000 	C:\Windows\SYSTEM32\WINMM.dll
0x00007ffff9c80000 - 0x00007ffff9cec000 	C:\Windows\System32\WS2_32.dll
0x00007ffff4370000 - 0x00007ffff439a000 	C:\Windows\SYSTEM32\winmmbase.dll
0x00007ffff7340000 - 0x00007ffff7389000 	C:\Windows\System32\cfgmgr32.dll
0x00007fffefbe0000 - 0x00007fffefbef000 	C:\Program Files\Java\jdk-10.0.2\bin\verify.dll
0x00007ffff5410000 - 0x00007ffff55d9000 	C:\Windows\SYSTEM32\DBGHELP.DLL
0x00007fffe3d00000 - 0x00007fffe3d29000 	C:\Windows\SYSTEM32\dbgcore.DLL
0x00007fffe7a20000 - 0x00007fffe7a47000 	C:\Program Files\Java\jdk-10.0.2\bin\java.dll
0x00007fffed8d0000 - 0x00007fffed8e6000 	C:\Program Files\Java\jdk-10.0.2\bin\zip.dll
0x00007fffef250000 - 0x00007fffef25a000 	C:\Program Files\Java\jdk-10.0.2\bin\jimage.dll

dbghelp: loaded successfully - version: 4.0.5 - missing functions: none
symbol engine: initialized successfully - sym options: 0x614 - pdb path: .;C:\Program Files\Java\jdk-10.0.2\bin;C:\Windows\SYSTEM32;C:\Windows\WinSxS\amd64_microsoft.windows.common-controls_6595b64144ccf1df_6.0.17134.167_none_fb4496d930639c5a;c:\program files (x86)\f-secure\antivirus\apps\ultralight\ulcore\1530012511.0;C:\Program Files\Java\jdk-10.0.2\bin\server

VM Arguments:
java_command: C:\Users\User\Desktop\CucumberFramework\CucumberFramework\target\surefire\surefirebooter11569722315012689959.jar C:\Users\User\Desktop\CucumberFramework\CucumberFramework\target\surefire\surefire3468654894357068707tmp C:\Users\User\Desktop\CucumberFramework\CucumberFramework\target\surefire\surefire_08692084916491065979tmp
java_class_path (initial): C:\Users\User\Desktop\CucumberFramework\CucumberFramework\target\surefire\surefirebooter11569722315012689959.jar
Launcher Type: SUN_STANDARD

Logging:
Log output configuration:
#0: stdout all=warning uptime,level,tags
#1: stderr all=off uptime,level,tags

Environment Variables:
JAVA_HOME=C:\Program Files\Java\jdk-10.0.2
CLASSPATH=;C:\Program Files\Java\jdk-10.0.2\bin
PATH=C:\Program Files (x86)\Common Files\Oracle\Java\javapath;C:\Windows\system32;C:\Windows;C:\Windows\System32\Wbem;C:\Windows\System32\WindowsPowerShell\v1.0\;C:\Windows\System32\OpenSSH\;C:\Program Files\Apache\maven\apache-maven-3.5.4\bin;C:\Program Files\Java\jdk-10.0.2\bin;C:\Program Files\Java\jdk-10.0.2\bin;C:\Program Files\Apache\maven\apache-maven-3.5.4;C:\Users\User\AppData\Local\Microsoft\WindowsApps;C:\Program Files\Java\jdk-10.0.2\bin;
USERNAME=User
OS=Windows_NT
PROCESSOR_IDENTIFIER=Intel64 Family 6 Model 142 Stepping 10, GenuineIntel



---------------  S Y S T E M  ---------------

OS: Windows 10 , 64 bit Build 17134 (10.0.17134.1)

CPU:total 8 (initial active 8) (4 cores per cpu, 2 threads per core) family 6 model 142 stepping 10, cmov, cx8, fxsr, mmx, sse, sse2, sse3, ssse3, sse4.1, sse4.2, popcnt, avx, avx2, aes, clmul, erms, 3dnowpref, lzcnt, ht, tsc, tscinvbit, bmi1, bmi2, adx, fma

Memory: 4k page, physical 8270220k(742028k free), swap 22893448k(44044k free)

vm_info: Java HotSpot(TM) 64-Bit Server VM (10.0.2+13) for windows-amd64 JRE (10.0.2+13), built on Jun 28 2018 01:57:56 by "mach5one" with MS VC++ 12.0 (VS2013)

END.
