#
# There is insufficient memory for the Java Runtime Environment to continue.
# Native memory allocation (malloc) failed to allocate 2056976 bytes for Chunk::new
# Possible reasons:
#   The system is out of physical RAM or swap space
#   The process is running with CompressedOops enabled, and the Java Heap may be blocking the growth of the native heap
# Possible solutions:
#   Reduce memory load on the system
#   Increase physical memory or swap space
#   Check if swap backing store is full
#   Decrease Java heap size (-Xmx/-Xms)
#   Decrease number of Java threads
#   Decrease Java thread stack sizes (-Xss)
#   Set larger code cache with -XX:ReservedCodeCacheSize=
#   JVM is running with Unscaled Compressed Oops mode in which the Java heap is
#     placed in the first 4GB address space. The Java Heap base address is the
#     maximum limit for the native heap growth. Please use -XX:HeapBaseMinAddress
#     to set the Java Heap base and to place the Java Heap above 4GB virtual address.
# This output file may be truncated or incomplete.
#
#  Out of Memory Error (t:/workspace/open/src/hotspot/share/memory/arena.cpp:198), pid=20140, tid=19672
#
# JRE version: Java(TM) SE Runtime Environment (10.0.2+13) (build 10.0.2+13)
# Java VM: Java HotSpot(TM) 64-Bit Server VM (10.0.2+13, mixed mode, tiered, compressed oops, g1 gc, windows-amd64)
# No core dump will be written. Minidumps are not enabled by default on client versions of Windows
#

---------------  S U M M A R Y ------------

Command Line: -Dclassworlds.conf=C:\Program Files\Apache\maven\apache-maven-3.5.4\bin\..\bin\m2.conf -Dmaven.home=C:\Program Files\Apache\maven\apache-maven-3.5.4\bin\.. -Dlibrary.jansi.path=C:\Program Files\Apache\maven\apache-maven-3.5.4\bin\..\lib\jansi-native -Dmaven.multiModuleProjectDirectory=C:\Users\User\Desktop\CucumberFramework\CucumberFramework org.codehaus.plexus.classworlds.launcher.Launcher verify

Host: Intel(R) Core(TM) i5-8250U CPU @ 1.60GHz, 8 cores, 7G,  Windows 10 , 64 bit Build 17134 (10.0.17134.1)
Time: Mon Aug 06 20:26:00 2018 Malay Peninsula Standard Time elapsed time: 7 seconds (0d 0h 0m 7s)

---------------  T H R E A D  ---------------

Current thread (0x000002094abe8000):  JavaThread "C2 CompilerThread0" daemon [_thread_in_native, id=19672, stack(0x0000008aa1000000,0x0000008aa1100000)]


Current CompileTask:
C2:   7569 3319       4       org.codehaus.plexus.util.xml.Xpp3Dom::<init> (131 bytes)

Stack: [0x0000008aa1000000,0x0000008aa1100000]
Native frames: (J=compiled Java code, j=interpreted, Vv=VM code, C=native code)
V  [jvm.dll+0x5a01a9]
V  [jvm.dll+0x6bcf31]
V  [jvm.dll+0x6be126]
V  [jvm.dll+0x6be7b3]
V  [jvm.dll+0x234978]
V  [jvm.dll+0xbb69c]
V  [jvm.dll+0xbbbac]
V  [jvm.dll+0x34bee1]
V  [jvm.dll+0x3110aa]
V  [jvm.dll+0x31063a]
V  [jvm.dll+0x1ffe91]
V  [jvm.dll+0x1ff116]
V  [jvm.dll+0x17c94b]
V  [jvm.dll+0x20c8dd]
V  [jvm.dll+0x20b6a6]
V  [jvm.dll+0x68b7ff]
V  [jvm.dll+0x59f4b0]
C  [msvcr120.dll+0x24f7f]
C  [msvcr120.dll+0x25126]
C  [KERNEL32.DLL+0x13034]
C  [ntdll.dll+0x71431]


---------------  P R O C E S S  ---------------

Threads class SMR info:
_java_thread_list=0x000002094ad97520, length=12, elements={
0x000002092872b000, 0x000002094a37d800, 0x000002094a37e000, 0x000002094abe2800,
0x000002094abe3800, 0x000002094abe8000, 0x000002094abeb000, 0x000002094abed800,
0x000002094abf3000, 0x000002094ac04800, 0x000002094adca800, 0x000002094adef000
}

Java Threads: ( => current thread )
  0x000002092872b000 JavaThread "main" [_thread_in_Java, id=13636, stack(0x0000008a9f600000,0x0000008a9f700000)]
  0x000002094a37d800 JavaThread "Reference Handler" daemon [_thread_blocked, id=16028, stack(0x0000008aa0c00000,0x0000008aa0d00000)]
  0x000002094a37e000 JavaThread "Finalizer" daemon [_thread_blocked, id=12092, stack(0x0000008aa0d00000,0x0000008aa0e00000)]
  0x000002094abe2800 JavaThread "Signal Dispatcher" daemon [_thread_blocked, id=18872, stack(0x0000008aa0e00000,0x0000008aa0f00000)]
  0x000002094abe3800 JavaThread "Attach Listener" daemon [_thread_blocked, id=13500, stack(0x0000008aa0f00000,0x0000008aa1000000)]
=>0x000002094abe8000 JavaThread "C2 CompilerThread0" daemon [_thread_in_native, id=19672, stack(0x0000008aa1000000,0x0000008aa1100000)]
  0x000002094abeb000 JavaThread "C2 CompilerThread1" daemon [_thread_in_native, id=10576, stack(0x0000008aa1100000,0x0000008aa1200000)]
  0x000002094abed800 JavaThread "C2 CompilerThread2" daemon [_thread_in_native, id=13980, stack(0x0000008aa1200000,0x0000008aa1300000)]
  0x000002094abf3000 JavaThread "C1 CompilerThread3" daemon [_thread_blocked, id=3864, stack(0x0000008aa1300000,0x0000008aa1400000)]
  0x000002094ac04800 JavaThread "Sweeper thread" daemon [_thread_blocked, id=13736, stack(0x0000008aa1400000,0x0000008aa1500000)]
  0x000002094adca800 JavaThread "Service Thread" daemon [_thread_blocked, id=17124, stack(0x0000008aa1500000,0x0000008aa1600000)]
  0x000002094adef000 JavaThread "Common-Cleaner" daemon [_thread_blocked, id=20432, stack(0x0000008aa1600000,0x0000008aa1700000)]

Other Threads:
  0x000002094a375000 VMThread "VM Thread" [stack: 0x0000008aa0b00000,0x0000008aa0c00000] [id=12384]
  0x000002094adef800 WatcherThread [stack: 0x0000008aa1700000,0x0000008aa1800000] [id=14040]
  0x0000020928744800 GCTaskThread "GC Thread#0" [stack: 0x0000008a9f700000,0x0000008a9f800000] [id=11716]
  0x0000020928746000 GCTaskThread "GC Thread#1" [stack: 0x0000008a9f800000,0x0000008a9f900000] [id=15412]
  0x0000020928747800 GCTaskThread "GC Thread#2" [stack: 0x0000008a9f900000,0x0000008a9fa00000] [id=16136]
  0x000002092874a000 GCTaskThread "GC Thread#3" [stack: 0x0000008a9fa00000,0x0000008a9fb00000] [id=13188]
  0x000002092874b800 GCTaskThread "GC Thread#4" [stack: 0x0000008a9fb00000,0x0000008a9fc00000] [id=19616]
  0x0000020928750000 GCTaskThread "GC Thread#5" [stack: 0x0000008a9fc00000,0x0000008a9fd00000] [id=13088]
  0x0000020928750800 GCTaskThread "GC Thread#6" [stack: 0x0000008a9fd00000,0x0000008a9fe00000] [id=10844]
  0x0000020928752000 GCTaskThread "GC Thread#7" [stack: 0x0000008a9fe00000,0x0000008a9ff00000] [id=14488]
  0x00000209287d2800 ConcurrentGCThread "G1 Main Marker" [stack: 0x0000008a9ff00000,0x0000008aa0000000] [id=10784]
  0x0000020928751000 ConcurrentGCThread "G1 Conc#0" [stack: 0x0000008aa0000000,0x0000008aa0100000] [id=7076]
  0x0000020928757000 ConcurrentGCThread "G1 Conc#1" [stack: 0x0000008aa0100000,0x0000008aa0200000] [id=13752]
  0x000002094a1f3800 ConcurrentGCThread "G1 Refine#0" [stack: 0x0000008aa0200000,0x0000008aa0300000] [id=17196]
  0x000002094a1f4800 ConcurrentGCThread "G1 Refine#1" [stack: 0x0000008aa0300000,0x0000008aa0400000] [id=19220]
  0x000002094a1f5800 ConcurrentGCThread "G1 Refine#2" [stack: 0x0000008aa0400000,0x0000008aa0500000] [id=12256]
  0x000002094a1f8800 ConcurrentGCThread "G1 Refine#3" [stack: 0x0000008aa0500000,0x0000008aa0600000] [id=17068]
  0x000002094a205800 ConcurrentGCThread "G1 Refine#4" [stack: 0x0000008aa0600000,0x0000008aa0700000] [id=19468]
  0x0000020928752800 ConcurrentGCThread "G1 Refine#5" [stack: 0x0000008aa0700000,0x0000008aa0800000] [id=19108]
  0x0000020928753000 ConcurrentGCThread "G1 Refine#6" [stack: 0x0000008aa0800000,0x0000008aa0900000] [id=14704]
  0x0000020928755000 ConcurrentGCThread "G1 Refine#7" [stack: 0x0000008aa0900000,0x0000008aa0a00000] [id=1612]
  0x000002094a208800 ConcurrentGCThread "G1 Young RemSet Sampling" [stack: 0x0000008aa0a00000,0x0000008aa0b00000] [id=12396]

Threads with active compile tasks:
C2 CompilerThread03319       4       org.codehaus.plexus.util.xml.Xpp3Dom::<init> (131 bytes)
C2 CompilerThread13426       4       org.eclipse.sisu.plexus.RealmFilteredBeans$FilteredItr::hasNext (81 bytes)
C2 CompilerThread23432   !   4       org.codehaus.plexus.interpolation.StringSearchInterpolator::interpolate (650 bytes)

VM state:not at safepoint (normal execution)

VM Mutex/Monitor currently owned by a thread: None

Heap address: 0x0000000081c00000, size: 2020 MB, Compressed Oops mode: 32-bit
Narrow klass base: 0x0000000000000000, Narrow klass shift: 3
Compressed class space size: 1073741824 Address: 0x0000000100000000

Heap:
 garbage-first heap   total 131072K, used 69374K [0x0000000081c00000, 0x0000000100000000)
  region size 1024K, 69 young (70656K), 7 survivors (7168K)
 Metaspace       used 27083K, capacity 27473K, committed 27824K, reserved 1075200K
  class space    used 2803K, capacity 2957K, committed 2992K, reserved 1048576K
Heap Regions: E=young(eden), S=young(survivor), O=old, HS=humongous(starts), HC=humongous(continues), CS=collection set, F=free, A=archive, TS=gc time stamp, AC=allocation context, TAMS=top-at-mark-start (previous, next)
|   0|0x0000000081c00000, 0x0000000081c9a600, 0x0000000081d00000| 60%| O|  |TS  0|AC  0|TAMS 0x0000000081c9a600, 0x0000000081c9a600|
|   1|0x0000000081d00000, 0x0000000081d00000, 0x0000000081e00000|  0%| F|  |TS  0|AC  0|TAMS 0x0000000081d00000, 0x0000000081d00000|
|   2|0x0000000081e00000, 0x0000000081e00000, 0x0000000081f00000|  0%| F|  |TS  0|AC  0|TAMS 0x0000000081e00000, 0x0000000081e00000|
|   3|0x0000000081f00000, 0x0000000081f00000, 0x0000000082000000|  0%| F|  |TS  0|AC  0|TAMS 0x0000000081f00000, 0x0000000081f00000|
|   4|0x0000000082000000, 0x0000000082000000, 0x0000000082100000|  0%| F|  |TS  0|AC  0|TAMS 0x0000000082000000, 0x0000000082000000|
|   5|0x0000000082100000, 0x0000000082100000, 0x0000000082200000|  0%| F|  |TS  0|AC  0|TAMS 0x0000000082100000, 0x0000000082100000|
|   6|0x0000000082200000, 0x0000000082200000, 0x0000000082300000|  0%| F|  |TS  0|AC  0|TAMS 0x0000000082200000, 0x0000000082200000|
|   7|0x0000000082300000, 0x0000000082300000, 0x0000000082400000|  0%| F|  |TS  0|AC  0|TAMS 0x0000000082300000, 0x0000000082300000|
|   8|0x0000000082400000, 0x0000000082400000, 0x0000000082500000|  0%| F|  |TS  0|AC  0|TAMS 0x0000000082400000, 0x0000000082400000|
|   9|0x0000000082500000, 0x0000000082500000, 0x0000000082600000|  0%| F|  |TS  0|AC  0|TAMS 0x0000000082500000, 0x0000000082500000|
|  10|0x0000000082600000, 0x0000000082600000, 0x0000000082700000|  0%| F|  |TS  0|AC  0|TAMS 0x0000000082600000, 0x0000000082600000|
|  11|0x0000000082700000, 0x0000000082700000, 0x0000000082800000|  0%| F|  |TS  0|AC  0|TAMS 0x0000000082700000, 0x0000000082700000|
|  12|0x0000000082800000, 0x0000000082800000, 0x0000000082900000|  0%| F|  |TS  0|AC  0|TAMS 0x0000000082800000, 0x0000000082800000|
|  13|0x0000000082900000, 0x0000000082900000, 0x0000000082a00000|  0%| F|  |TS  0|AC  0|TAMS 0x0000000082900000, 0x0000000082900000|
|  14|0x0000000082a00000, 0x0000000082a00000, 0x0000000082b00000|  0%| F|  |TS  0|AC  0|TAMS 0x0000000082a00000, 0x0000000082a00000|
|  15|0x0000000082b00000, 0x0000000082b00000, 0x0000000082c00000|  0%| F|  |TS  0|AC  0|TAMS 0x0000000082b00000, 0x0000000082b00000|
|  16|0x0000000082c00000, 0x0000000082c00000, 0x0000000082d00000|  0%| F|  |TS  0|AC  0|TAMS 0x0000000082c00000, 0x0000000082c00000|
|  17|0x0000000082d00000, 0x0000000082d00000, 0x0000000082e00000|  0%| F|  |TS  0|AC  0|TAMS 0x0000000082d00000, 0x0000000082d00000|
|  18|0x0000000082e00000, 0x0000000082e00000, 0x0000000082f00000|  0%| F|  |TS  0|AC  0|TAMS 0x0000000082e00000, 0x0000000082e00000|
|  19|0x0000000082f00000, 0x0000000082f00000, 0x0000000083000000|  0%| F|  |TS  0|AC  0|TAMS 0x0000000082f00000, 0x0000000082f00000|
|  20|0x0000000083000000, 0x0000000083000000, 0x0000000083100000|  0%| F|  |TS  0|AC  0|TAMS 0x0000000083000000, 0x0000000083000000|
|  21|0x0000000083100000, 0x0000000083100000, 0x0000000083200000|  0%| F|  |TS  0|AC  0|TAMS 0x0000000083100000, 0x0000000083100000|
|  22|0x0000000083200000, 0x0000000083200000, 0x0000000083300000|  0%| F|  |TS  0|AC  0|TAMS 0x0000000083200000, 0x0000000083200000|
|  23|0x0000000083300000, 0x0000000083300000, 0x0000000083400000|  0%| F|  |TS  0|AC  0|TAMS 0x0000000083300000, 0x0000000083300000|
|  24|0x0000000083400000, 0x0000000083400000, 0x0000000083500000|  0%| F|  |TS  0|AC  0|TAMS 0x0000000083400000, 0x0000000083400000|
|  25|0x0000000083500000, 0x0000000083500000, 0x0000000083600000|  0%| F|  |TS  0|AC  0|TAMS 0x0000000083500000, 0x0000000083500000|
|  26|0x0000000083600000, 0x0000000083600000, 0x0000000083700000|  0%| F|  |TS  0|AC  0|TAMS 0x0000000083600000, 0x0000000083600000|
|  27|0x0000000083700000, 0x0000000083700000, 0x0000000083800000|  0%| F|  |TS  0|AC  0|TAMS 0x0000000083700000, 0x0000000083700000|
|  28|0x0000000083800000, 0x0000000083800000, 0x0000000083900000|  0%| F|  |TS  0|AC  0|TAMS 0x0000000083800000, 0x0000000083800000|
|  29|0x0000000083900000, 0x0000000083900000, 0x0000000083a00000|  0%| F|  |TS  0|AC  0|TAMS 0x0000000083900000, 0x0000000083900000|
|  30|0x0000000083a00000, 0x0000000083a00000, 0x0000000083b00000|  0%| F|  |TS  0|AC  0|TAMS 0x0000000083a00000, 0x0000000083a00000|
|  31|0x0000000083b00000, 0x0000000083b00000, 0x0000000083c00000|  0%| F|  |TS  0|AC  0|TAMS 0x0000000083b00000, 0x0000000083b00000|
|  32|0x0000000083c00000, 0x0000000083c00000, 0x0000000083d00000|  0%| F|  |TS  0|AC  0|TAMS 0x0000000083c00000, 0x0000000083c00000|
|  33|0x0000000083d00000, 0x0000000083d00000, 0x0000000083e00000|  0%| F|  |TS  0|AC  0|TAMS 0x0000000083d00000, 0x0000000083d00000|
|  34|0x0000000083e00000, 0x0000000083e00000, 0x0000000083f00000|  0%| F|  |TS  0|AC  0|TAMS 0x0000000083e00000, 0x0000000083e00000|
|  35|0x0000000083f00000, 0x0000000083f00000, 0x0000000084000000|  0%| F|  |TS  0|AC  0|TAMS 0x0000000083f00000, 0x0000000083f00000|
|  36|0x0000000084000000, 0x0000000084000000, 0x0000000084100000|  0%| F|  |TS  0|AC  0|TAMS 0x0000000084000000, 0x0000000084000000|
|  37|0x0000000084100000, 0x0000000084100000, 0x0000000084200000|  0%| F|  |TS  0|AC  0|TAMS 0x0000000084100000, 0x0000000084100000|
|  38|0x0000000084200000, 0x0000000084200000, 0x0000000084300000|  0%| F|  |TS  0|AC  0|TAMS 0x0000000084200000, 0x0000000084200000|
|  39|0x0000000084300000, 0x0000000084300000, 0x0000000084400000|  0%| F|  |TS  0|AC  0|TAMS 0x0000000084300000, 0x0000000084300000|
|  40|0x0000000084400000, 0x0000000084400000, 0x0000000084500000|  0%| F|  |TS  0|AC  0|TAMS 0x0000000084400000, 0x0000000084400000|
|  41|0x0000000084500000, 0x0000000084500000, 0x0000000084600000|  0%| F|  |TS  0|AC  0|TAMS 0x0000000084500000, 0x0000000084500000|
|  42|0x0000000084600000, 0x0000000084600000, 0x0000000084700000|  0%| F|  |TS  0|AC  0|TAMS 0x0000000084600000, 0x0000000084600000|
|  43|0x0000000084700000, 0x0000000084700000, 0x0000000084800000|  0%| F|  |TS  0|AC  0|TAMS 0x0000000084700000, 0x0000000084700000|
|  44|0x0000000084800000, 0x0000000084800000, 0x0000000084900000|  0%| F|  |TS  0|AC  0|TAMS 0x0000000084800000, 0x0000000084800000|
|  45|0x0000000084900000, 0x0000000084900000, 0x0000000084a00000|  0%| F|  |TS  0|AC  0|TAMS 0x0000000084900000, 0x0000000084900000|
|  46|0x0000000084a00000, 0x0000000084a00000, 0x0000000084b00000|  0%| F|  |TS  0|AC  0|TAMS 0x0000000084a00000, 0x0000000084a00000|
|  47|0x0000000084b00000, 0x0000000084b00000, 0x0000000084c00000|  0%| F|  |TS  0|AC  0|TAMS 0x0000000084b00000, 0x0000000084b00000|
|  48|0x0000000084c00000, 0x0000000084c00000, 0x0000000084d00000|  0%| F|  |TS  0|AC  0|TAMS 0x0000000084c00000, 0x0000000084c00000|
|  49|0x0000000084d00000, 0x0000000084d00000, 0x0000000084e00000|  0%| F|  |TS  0|AC  0|TAMS 0x0000000084d00000, 0x0000000084d00000|
|  50|0x0000000084e00000, 0x0000000084e00000, 0x0000000084f00000|  0%| F|  |TS  0|AC  0|TAMS 0x0000000084e00000, 0x0000000084e00000|
|  51|0x0000000084f00000, 0x0000000084f00000, 0x0000000085000000|  0%| F|  |TS  0|AC  0|TAMS 0x0000000084f00000, 0x0000000084f00000|
|  52|0x0000000085000000, 0x0000000085000000, 0x0000000085100000|  0%| F|  |TS  0|AC  0|TAMS 0x0000000085000000, 0x0000000085000000|
|  53|0x0000000085100000, 0x0000000085100000, 0x0000000085200000|  0%| F|  |TS  0|AC  0|TAMS 0x0000000085100000, 0x0000000085100000|
|  54|0x0000000085200000, 0x0000000085200000, 0x0000000085300000|  0%| F|  |TS  0|AC  0|TAMS 0x0000000085200000, 0x0000000085200000|
|  55|0x0000000085300000, 0x0000000085300000, 0x0000000085400000|  0%| F|  |TS  0|AC  0|TAMS 0x0000000085300000, 0x0000000085300000|
|  56|0x0000000085400000, 0x0000000085400000, 0x0000000085500000|  0%| F|  |TS  0|AC  0|TAMS 0x0000000085400000, 0x0000000085400000|
|  57|0x0000000085500000, 0x0000000085500000, 0x0000000085600000|  0%| F|  |TS  0|AC  0|TAMS 0x0000000085500000, 0x0000000085500000|
|  58|0x0000000085600000, 0x0000000085600000, 0x0000000085700000|  0%| F|  |TS  0|AC  0|TAMS 0x0000000085600000, 0x0000000085600000|
|  59|0x0000000085700000, 0x0000000085800000, 0x0000000085800000|100%| E|  |TS  0|AC  0|TAMS 0x0000000085700000, 0x0000000085700000|
|  60|0x0000000085800000, 0x0000000085900000, 0x0000000085900000|100%| E|CS|TS  0|AC  0|TAMS 0x0000000085800000, 0x0000000085800000|
|  61|0x0000000085900000, 0x0000000085a00000, 0x0000000085a00000|100%| E|CS|TS  0|AC  0|TAMS 0x0000000085900000, 0x0000000085900000|
|  62|0x0000000085a00000, 0x0000000085b00000, 0x0000000085b00000|100%| E|CS|TS  0|AC  0|TAMS 0x0000000085a00000, 0x0000000085a00000|
|  63|0x0000000085b00000, 0x0000000085c00000, 0x0000000085c00000|100%| E|CS|TS  0|AC  0|TAMS 0x0000000085b00000, 0x0000000085b00000|
|  64|0x0000000085c00000, 0x0000000085c25278, 0x0000000085d00000| 14%| S|CS|TS  0|AC  0|TAMS 0x0000000085c00000, 0x0000000085c00000|
|  65|0x0000000085d00000, 0x0000000085e00000, 0x0000000085e00000|100%| S|CS|TS  0|AC  0|TAMS 0x0000000085d00000, 0x0000000085d00000|
|  66|0x0000000085e00000, 0x0000000085f00000, 0x0000000085f00000|100%| S|CS|TS  0|AC  0|TAMS 0x0000000085e00000, 0x0000000085e00000|
|  67|0x0000000085f00000, 0x0000000086000000, 0x0000000086000000|100%| S|CS|TS  0|AC  0|TAMS 0x0000000085f00000, 0x0000000085f00000|
|  68|0x0000000086000000, 0x0000000086100000, 0x0000000086100000|100%| S|CS|TS  0|AC  0|TAMS 0x0000000086000000, 0x0000000086000000|
|  69|0x0000000086100000, 0x0000000086200000, 0x0000000086200000|100%| S|CS|TS  0|AC  0|TAMS 0x0000000086100000, 0x0000000086100000|
|  70|0x0000000086200000, 0x0000000086300000, 0x0000000086300000|100%| S|CS|TS  0|AC  0|TAMS 0x0000000086200000, 0x0000000086200000|
|  71|0x0000000086300000, 0x0000000086400000, 0x0000000086400000|100%| E|CS|TS  0|AC  0|TAMS 0x0000000086300000, 0x0000000086300000|
|  72|0x0000000086400000, 0x0000000086500000, 0x0000000086500000|100%| E|CS|TS  0|AC  0|TAMS 0x0000000086400000, 0x0000000086400000|
|  73|0x0000000086500000, 0x0000000086600000, 0x0000000086600000|100%| E|CS|TS  0|AC  0|TAMS 0x0000000086500000, 0x0000000086500000|
|  74|0x0000000086600000, 0x0000000086700000, 0x0000000086700000|100%| E|CS|TS  0|AC  0|TAMS 0x0000000086600000, 0x0000000086600000|
|  75|0x0000000086700000, 0x0000000086800000, 0x0000000086800000|100%| E|CS|TS  0|AC  0|TAMS 0x0000000086700000, 0x0000000086700000|
|  76|0x0000000086800000, 0x0000000086900000, 0x0000000086900000|100%| E|CS|TS  0|AC  0|TAMS 0x0000000086800000, 0x0000000086800000|
|  77|0x0000000086900000, 0x0000000086a00000, 0x0000000086a00000|100%| E|CS|TS  0|AC  0|TAMS 0x0000000086900000, 0x0000000086900000|
|  78|0x0000000086a00000, 0x0000000086b00000, 0x0000000086b00000|100%| E|CS|TS  0|AC  0|TAMS 0x0000000086a00000, 0x0000000086a00000|
|  79|0x0000000086b00000, 0x0000000086c00000, 0x0000000086c00000|100%| E|CS|TS  0|AC  0|TAMS 0x0000000086b00000, 0x0000000086b00000|
|  80|0x0000000086c00000, 0x0000000086d00000, 0x0000000086d00000|100%| E|CS|TS  0|AC  0|TAMS 0x0000000086c00000, 0x0000000086c00000|
|  81|0x0000000086d00000, 0x0000000086e00000, 0x0000000086e00000|100%| E|CS|TS  0|AC  0|TAMS 0x0000000086d00000, 0x0000000086d00000|
|  82|0x0000000086e00000, 0x0000000086f00000, 0x0000000086f00000|100%| E|CS|TS  0|AC  0|TAMS 0x0000000086e00000, 0x0000000086e00000|
|  83|0x0000000086f00000, 0x0000000087000000, 0x0000000087000000|100%| E|CS|TS  0|AC  0|TAMS 0x0000000086f00000, 0x0000000086f00000|
|  84|0x0000000087000000, 0x0000000087100000, 0x0000000087100000|100%| E|CS|TS  0|AC  0|TAMS 0x0000000087000000, 0x0000000087000000|
|  85|0x0000000087100000, 0x0000000087200000, 0x0000000087200000|100%| E|CS|TS  0|AC  0|TAMS 0x0000000087100000, 0x0000000087100000|
|  86|0x0000000087200000, 0x0000000087300000, 0x0000000087300000|100%| E|CS|TS  0|AC  0|TAMS 0x0000000087200000, 0x0000000087200000|
|  87|0x0000000087300000, 0x0000000087400000, 0x0000000087400000|100%| E|CS|TS  0|AC  0|TAMS 0x0000000087300000, 0x0000000087300000|
|  88|0x0000000087400000, 0x0000000087500000, 0x0000000087500000|100%| E|CS|TS  0|AC  0|TAMS 0x0000000087400000, 0x0000000087400000|
|  89|0x0000000087500000, 0x0000000087600000, 0x0000000087600000|100%| E|CS|TS  0|AC  0|TAMS 0x0000000087500000, 0x0000000087500000|
|  90|0x0000000087600000, 0x0000000087700000, 0x0000000087700000|100%| E|CS|TS  0|AC  0|TAMS 0x0000000087600000, 0x0000000087600000|
|  91|0x0000000087700000, 0x0000000087800000, 0x0000000087800000|100%| E|CS|TS  0|AC  0|TAMS 0x0000000087700000, 0x0000000087700000|
|  92|0x0000000087800000, 0x0000000087900000, 0x0000000087900000|100%| E|CS|TS  0|AC  0|TAMS 0x0000000087800000, 0x0000000087800000|
|  93|0x0000000087900000, 0x0000000087a00000, 0x0000000087a00000|100%| E|CS|TS  0|AC  0|TAMS 0x0000000087900000, 0x0000000087900000|
|  94|0x0000000087a00000, 0x0000000087b00000, 0x0000000087b00000|100%| E|CS|TS  0|AC  0|TAMS 0x0000000087a00000, 0x0000000087a00000|
|  95|0x0000000087b00000, 0x0000000087c00000, 0x0000000087c00000|100%| E|CS|TS  0|AC  0|TAMS 0x0000000087b00000, 0x0000000087b00000|
|  96|0x0000000087c00000, 0x0000000087d00000, 0x0000000087d00000|100%| E|CS|TS  0|AC  0|TAMS 0x0000000087c00000, 0x0000000087c00000|
|  97|0x0000000087d00000, 0x0000000087e00000, 0x0000000087e00000|100%| E|CS|TS  0|AC  0|TAMS 0x0000000087d00000, 0x0000000087d00000|
|  98|0x0000000087e00000, 0x0000000087f00000, 0x0000000087f00000|100%| E|CS|TS  0|AC  0|TAMS 0x0000000087e00000, 0x0000000087e00000|
|  99|0x0000000087f00000, 0x0000000088000000, 0x0000000088000000|100%| E|CS|TS  0|AC  0|TAMS 0x0000000087f00000, 0x0000000087f00000|
| 100|0x0000000088000000, 0x0000000088100000, 0x0000000088100000|100%| E|CS|TS  0|AC  0|TAMS 0x0000000088000000, 0x0000000088000000|
| 101|0x0000000088100000, 0x0000000088200000, 0x0000000088200000|100%| E|CS|TS  0|AC  0|TAMS 0x0000000088100000, 0x0000000088100000|
| 102|0x0000000088200000, 0x0000000088300000, 0x0000000088300000|100%| E|CS|TS  0|AC  0|TAMS 0x0000000088200000, 0x0000000088200000|
| 103|0x0000000088300000, 0x0000000088400000, 0x0000000088400000|100%| E|CS|TS  0|AC  0|TAMS 0x0000000088300000, 0x0000000088300000|
| 104|0x0000000088400000, 0x0000000088500000, 0x0000000088500000|100%| E|CS|TS  0|AC  0|TAMS 0x0000000088400000, 0x0000000088400000|
| 105|0x0000000088500000, 0x0000000088600000, 0x0000000088600000|100%| E|CS|TS  0|AC  0|TAMS 0x0000000088500000, 0x0000000088500000|
| 106|0x0000000088600000, 0x0000000088700000, 0x0000000088700000|100%| E|CS|TS  0|AC  0|TAMS 0x0000000088600000, 0x0000000088600000|
| 107|0x0000000088700000, 0x0000000088800000, 0x0000000088800000|100%| E|CS|TS  0|AC  0|TAMS 0x0000000088700000, 0x0000000088700000|
| 108|0x0000000088800000, 0x0000000088900000, 0x0000000088900000|100%| E|CS|TS  0|AC  0|TAMS 0x0000000088800000, 0x0000000088800000|
| 109|0x0000000088900000, 0x0000000088a00000, 0x0000000088a00000|100%| E|CS|TS  0|AC  0|TAMS 0x0000000088900000, 0x0000000088900000|
| 110|0x0000000088a00000, 0x0000000088b00000, 0x0000000088b00000|100%| E|CS|TS  0|AC  0|TAMS 0x0000000088a00000, 0x0000000088a00000|
| 111|0x0000000088b00000, 0x0000000088c00000, 0x0000000088c00000|100%| E|CS|TS  0|AC  0|TAMS 0x0000000088b00000, 0x0000000088b00000|
| 112|0x0000000088c00000, 0x0000000088d00000, 0x0000000088d00000|100%| E|CS|TS  0|AC  0|TAMS 0x0000000088c00000, 0x0000000088c00000|
| 113|0x0000000088d00000, 0x0000000088e00000, 0x0000000088e00000|100%| E|CS|TS  0|AC  0|TAMS 0x0000000088d00000, 0x0000000088d00000|
| 114|0x0000000088e00000, 0x0000000088f00000, 0x0000000088f00000|100%| E|CS|TS  0|AC  0|TAMS 0x0000000088e00000, 0x0000000088e00000|
| 115|0x0000000088f00000, 0x0000000089000000, 0x0000000089000000|100%| E|CS|TS  0|AC  0|TAMS 0x0000000088f00000, 0x0000000088f00000|
| 116|0x0000000089000000, 0x0000000089100000, 0x0000000089100000|100%| E|CS|TS  0|AC  0|TAMS 0x0000000089000000, 0x0000000089000000|
| 117|0x0000000089100000, 0x0000000089200000, 0x0000000089200000|100%| E|CS|TS  0|AC  0|TAMS 0x0000000089100000, 0x0000000089100000|
| 118|0x0000000089200000, 0x0000000089300000, 0x0000000089300000|100%| E|CS|TS  0|AC  0|TAMS 0x0000000089200000, 0x0000000089200000|
| 119|0x0000000089300000, 0x0000000089400000, 0x0000000089400000|100%| E|CS|TS  0|AC  0|TAMS 0x0000000089300000, 0x0000000089300000|
| 120|0x0000000089400000, 0x0000000089500000, 0x0000000089500000|100%| E|CS|TS  0|AC  0|TAMS 0x0000000089400000, 0x0000000089400000|
| 121|0x0000000089500000, 0x0000000089600000, 0x0000000089600000|100%| E|CS|TS  0|AC  0|TAMS 0x0000000089500000, 0x0000000089500000|
| 122|0x0000000089600000, 0x0000000089700000, 0x0000000089700000|100%| E|CS|TS  0|AC  0|TAMS 0x0000000089600000, 0x0000000089600000|
| 123|0x0000000089700000, 0x0000000089800000, 0x0000000089800000|100%| E|CS|TS  0|AC  0|TAMS 0x0000000089700000, 0x0000000089700000|
| 124|0x0000000089800000, 0x0000000089900000, 0x0000000089900000|100%| E|CS|TS  0|AC  0|TAMS 0x0000000089800000, 0x0000000089800000|
| 125|0x0000000089900000, 0x0000000089a00000, 0x0000000089a00000|100%| E|CS|TS  0|AC  0|TAMS 0x0000000089900000, 0x0000000089900000|
| 126|0x0000000089a00000, 0x0000000089b00000, 0x0000000089b00000|100%| E|CS|TS  0|AC  0|TAMS 0x0000000089a00000, 0x0000000089a00000|
| 127|0x0000000089b00000, 0x0000000089c00000, 0x0000000089c00000|100%| E|CS|TS  0|AC  0|TAMS 0x0000000089b00000, 0x0000000089b00000|

Card table byte_map: [0x00000209431e0000,0x00000209435e0000] byte_map_base: 0x0000020942dd2000

Marking Bits (Prev, Next): (CMBitMap*) 0x00000209287d1f58, (CMBitMap*) 0x00000209287d1f20
 Prev Bits: [0x0000020945970000, 0x0000020947900000)
 Next Bits: [0x00000209439e0000, 0x0000020945970000)

Polling page: 0x0000020926390000

CodeHeap 'non-profiled nmethods': size=120000Kb used=1800Kb max_used=1800Kb free=118199Kb
 bounds [0x000002093b580000, 0x000002093b7f0000, 0x0000020942ab0000]
CodeHeap 'profiled nmethods': size=120000Kb used=7641Kb max_used=7641Kb free=112359Kb
 bounds [0x0000020934050000, 0x00000209347d0000, 0x000002093b580000]
CodeHeap 'non-nmethods': size=5760Kb used=1142Kb max_used=1174Kb free=4617Kb
 bounds [0x0000020933ab0000, 0x0000020933d20000, 0x0000020934050000]
 total_blobs=4902 nmethods=3576 adapters=386
 compilation: enabled

Compilation events (10 events):
Event: 7.526 Thread 0x000002094abf3000 3536       3       org.apache.maven.model.normalization.DefaultModelNormalizer::mergeDuplicates (264 bytes)
Event: 7.529 Thread 0x000002094abeb000 nmethod 3351 0x000002093b739890 code [0x000002093b739cc0, 0x000002093b73e128]
Event: 7.530 Thread 0x000002094abeb000 3458       4       java.util.IdentityHashMap::get (60 bytes)
Event: 7.531 Thread 0x000002094abf3000 nmethod 3536 0x000002093479fe10 code [0x00000209347a0380, 0x00000209347a35e0]
Event: 7.531 Thread 0x000002094abf3000 3538   !   3       org.apache.maven.model.building.DefaultModelBuilder::configureResolver (137 bytes)
Event: 7.533 Thread 0x000002094abf3000 nmethod 3538 0x00000209347a4590 code [0x00000209347a4960, 0x00000209347a62e0]
Event: 7.533 Thread 0x000002094abf3000 3539       3       java.nio.charset.Charset::forName (20 bytes)
Event: 7.533 Thread 0x000002094abf3000 nmethod 3539 0x00000209347a6b90 code [0x00000209347a6d60, 0x00000209347a6f80]
Event: 7.533 Thread 0x000002094abf3000 3537       3       org.apache.maven.model.profile.DefaultProfileActivationContext::setProjectProperties (28 bytes)
Event: 7.534 Thread 0x000002094abf3000 nmethod 3537 0x00000209347a7090 code [0x00000209347a72a0, 0x00000209347a78a0]

GC Heap History (4 events):
Event: 0.960 GC heap before
{Heap before GC invocations=0 (full 0):
 garbage-first heap   total 131072K, used 24576K [0x0000000081c00000, 0x0000000100000000)
  region size 1024K, 24 young (24576K), 0 survivors (0K)
 Metaspace       used 12667K, capacity 12822K, committed 13184K, reserved 1060864K
  class space    used 1250K, capacity 1343K, committed 1408K, reserved 1048576K
}
Event: 0.966 GC heap after
{Heap after GC invocations=1 (full 0):
 garbage-first heap   total 131072K, used 3689K [0x0000000081c00000, 0x0000000100000000)
  region size 1024K, 3 young (3072K), 3 survivors (3072K)
 Metaspace       used 12667K, capacity 12822K, committed 13184K, reserved 1060864K
  class space    used 1250K, capacity 1343K, committed 1408K, reserved 1048576K
}
Event: 2.398 GC heap before
{Heap before GC invocations=1 (full 0):
 garbage-first heap   total 131072K, used 57961K [0x0000000081c00000, 0x0000000100000000)
  region size 1024K, 57 young (58368K), 3 survivors (3072K)
 Metaspace       used 20731K, capacity 21076K, committed 21296K, reserved 1069056K
  class space    used 2165K, capacity 2308K, committed 2352K, reserved 1048576K
}
Event: 2.413 GC heap after
{Heap after GC invocations=2 (full 0):
 garbage-first heap   total 131072K, used 6910K [0x0000000081c00000, 0x0000000100000000)
  region size 1024K, 7 young (7168K), 7 survivors (7168K)
 Metaspace       used 20731K, capacity 21076K, committed 21296K, reserved 1069056K
  class space    used 2165K, capacity 2308K, committed 2352K, reserved 1048576K
}

Deoptimization events (10 events):
Event: 6.979 Thread 0x000002092872b000 Uncommon trap: reason=unstable_if action=reinterpret pc=0x000002093b6d6ce4 method=org.apache.maven.model.io.xpp3.MavenXpp3Reader.nextTag(Lorg/codehaus/plexus/util/xml/pull/XmlPullParser;)I @ 9 c2
Event: 7.010 Thread 0x000002092872b000 Uncommon trap: reason=predicate action=maybe_recompile pc=0x000002093b6d9de4 method=java.util.AbstractCollection.toArray([Ljava/lang/Object;)[Ljava/lang/Object; @ 46 c2
Event: 7.049 Thread 0x000002092872b000 Uncommon trap: reason=unstable_if action=reinterpret pc=0x000002093b61b8ac method=java.lang.String.regionMatches(ZILjava/lang/String;II)Z @ 21 c2
Event: 7.183 Thread 0x000002092872b000 Uncommon trap: reason=array_check action=maybe_recompile pc=0x000002093b6f3730 method=java.util.AbstractCollection.toArray([Ljava/lang/Object;)[Ljava/lang/Object; @ 116 c2
Event: 7.189 Thread 0x000002092872b000 Uncommon trap: reason=unstable_if action=reinterpret pc=0x000002093b67aa0c method=org.codehaus.plexus.util.xml.pull.MXParser.nextImpl()I @ 280 c2
Event: 7.189 Thread 0x000002092872b000 Uncommon trap: reason=array_check action=maybe_recompile pc=0x000002093b6f3730 method=java.util.AbstractCollection.toArray([Ljava/lang/Object;)[Ljava/lang/Object; @ 116 c2
Event: 7.202 Thread 0x000002092872b000 Uncommon trap: reason=array_check action=maybe_recompile pc=0x000002093b6f3730 method=java.util.AbstractCollection.toArray([Ljava/lang/Object;)[Ljava/lang/Object; @ 116 c2
Event: 7.202 Thread 0x000002092872b000 Uncommon trap: reason=array_check action=maybe_recompile pc=0x000002093b6f3730 method=java.util.AbstractCollection.toArray([Ljava/lang/Object;)[Ljava/lang/Object; @ 116 c2
Event: 7.437 Thread 0x000002092872b000 Uncommon trap: reason=unstable_if action=reinterpret pc=0x000002093b6d7e08 method=java.util.HashMap.getNode(ILjava/lang/Object;)Ljava/util/HashMap$Node; @ 53 c2
Event: 7.437 Thread 0x000002092872b000 Uncommon trap: reason=unstable_if action=reinterpret pc=0x000002093b626304 method=java.util.HashMap.getNode(ILjava/lang/Object;)Ljava/util/HashMap$Node; @ 53 c2

Classes redefined (0 events):
No events

Internal exceptions (10 events):
Event: 2.461 Thread 0x000002092872b000 Exception <a 'java/lang/NoSuchMethodError'{0x0000000089b6e790}: java.lang.invoke.DirectMethodHandle$Holder.invokeStaticInit(Ljava/lang/Object;Ljava/lang/Object;Ljava/lang/Object;Ljava/lang/Object;)I> (0x0000000089b6e790) thrown at [t:/workspace/open/src/h
Event: 2.463 Thread 0x000002092872b000 Exception <a 'java/lang/NoSuchMethodError'{0x0000000089b783a8}: java.lang.invoke.DirectMethodHandle$Holder.invokeInterface(Ljava/lang/Object;Ljava/lang/Object;)Ljava/lang/Object;> (0x0000000089b783a8) thrown at [t:/workspace/open/src/hotspot/share/interpr
Event: 2.463 Thread 0x000002092872b000 Exception <a 'java/lang/IncompatibleClassChangeError'{0x0000000089b7bac8}: Found class java.lang.Object, but interface was expected> (0x0000000089b7bac8) thrown at [t:/workspace/open/src/hotspot/share/interpreter/linkResolver.cpp, line 807]
Event: 2.463 Thread 0x000002092872b000 Exception <a 'java/lang/NoSuchMethodError'{0x0000000089b7f1d8}: java.lang.invoke.DirectMethodHandle$Holder.invokeStaticInit(Ljava/lang/Object;Ljava/lang/Object;)V> (0x0000000089b7f1d8) thrown at [t:/workspace/open/src/hotspot/share/interpreter/linkResolve
Event: 2.465 Thread 0x000002092872b000 Exception <a 'java/lang/NoSuchMethodError'{0x0000000089bef7d0}: java.lang.invoke.DirectMethodHandle$Holder.invokeStaticInit(Ljava/lang/Object;Ljava/lang/Object;)I> (0x0000000089bef7d0) thrown at [t:/workspace/open/src/hotspot/share/interpreter/linkResolve
Event: 2.476 Thread 0x000002092872b000 Exception <a 'sun/nio/fs/WindowsException'{0x0000000089a270f8}> (0x0000000089a270f8) thrown at [t:/workspace/open/src/hotspot/share/prims/jni.cpp, line 611]
Event: 2.487 Thread 0x000002092872b000 Implicit null exception at 0x000002093b680c7b to 0x000002093b683302
Event: 2.839 Thread 0x000002092872b000 Exception <a 'java/lang/NoSuchMethodError'{0x000000008954bd98}: method resolution failed> (0x000000008954bd98) thrown at [t:/workspace/open/src/hotspot/share/prims/methodHandles.cpp, line 1226]
Event: 2.840 Thread 0x000002092872b000 Exception <a 'java/lang/NoSuchMethodError'{0x000000008954f8e0}: java.lang.invoke.DirectMethodHandle$Holder.invokeStaticInit(Ljava/lang/Object;Ljava/lang/Object;IIII)Ljava/lang/Object;> (0x000000008954f8e0) thrown at [t:/workspace/open/src/hotspot/share/in
Event: 3.003 Thread 0x000002092872b000 Implicit null exception at 0x000002093b6882f4 to 0x000002093b68866a

Events (10 events):
Event: 7.489 loading class java/lang/Character$CharacterCache
Event: 7.490 loading class java/lang/Character$CharacterCache done
Event: 7.495 loading class org/apache/maven/plugin/DefaultPluginRealmCache$CacheKey
Event: 7.495 loading class org/apache/maven/plugin/DefaultPluginRealmCache$CacheKey done
Event: 7.496 loading class org/apache/maven/plugin/CacheUtils
Event: 7.496 loading class org/apache/maven/plugin/CacheUtils done
Event: 7.497 loading class org/apache/maven/plugin/internal/PlexusUtilsInjector
Event: 7.497 loading class org/apache/maven/plugin/internal/PlexusUtilsInjector done
Event: 7.498 loading class org/apache/maven/plugin/internal/WagonExcluder
Event: 7.498 loading class org/apache/maven/plugin/internal/WagonExcluder done


Dynamic libraries:
0x00007ff7384c0000 - 0x00007ff7384fe000 	C:\Program Files\Java\jdk-10.0.2\bin\java.exe
0x00007ffffa6c0000 - 0x00007ffffa8a1000 	C:\Windows\SYSTEM32\ntdll.dll
0x00007ffff9bc0000 - 0x00007ffff9c72000 	C:\Windows\System32\KERNEL32.DLL
0x00007ffff7020000 - 0x00007ffff7293000 	C:\Windows\System32\KERNELBASE.dll
0x00007ffffa160000 - 0x00007ffffa201000 	C:\Windows\System32\ADVAPI32.dll
0x00007ffff9860000 - 0x00007ffff98fe000 	C:\Windows\System32\msvcrt.dll
0x00007ffff9ab0000 - 0x00007ffff9b0b000 	C:\Windows\System32\sechost.dll
0x00007ffffa210000 - 0x00007ffffa334000 	C:\Windows\System32\RPCRT4.dll
0x00007ffff8f90000 - 0x00007ffff9120000 	C:\Windows\System32\USER32.dll
0x00007ffff7000000 - 0x00007ffff7020000 	C:\Windows\System32\win32u.dll
0x00007ffffa660000 - 0x00007ffffa688000 	C:\Windows\System32\GDI32.dll
0x00007ffff6c10000 - 0x00007ffff6da2000 	C:\Windows\System32\gdi32full.dll
0x00007ffff72a0000 - 0x00007ffff733f000 	C:\Windows\System32\msvcp_win.dll
0x00007ffff6b10000 - 0x00007ffff6c0a000 	C:\Windows\System32\ucrtbase.dll
0x00007fffea830000 - 0x00007fffeaa99000 	C:\Windows\WinSxS\amd64_microsoft.windows.common-controls_6595b64144ccf1df_6.0.17134.167_none_fb4496d930639c5a\COMCTL32.dll
0x00007fffeeab0000 - 0x00007fffeeaba000 	C:\Windows\SYSTEM32\VERSION.dll
0x00007ffff9e20000 - 0x00007ffffa143000 	C:\Windows\System32\combase.dll
0x00007ffff6a90000 - 0x00007ffff6b0a000 	C:\Windows\System32\bcryptPrimitives.dll
0x00007ffff9d00000 - 0x00007ffff9d2d000 	C:\Windows\System32\IMM32.DLL
0x00007fffe0310000 - 0x00007fffe03a5000 	c:\program files (x86)\f-secure\antivirus\apps\ultralight\ulcore\1530012511.0\fshook64.dll
0x00007fffe00e0000 - 0x00007fffe01cf000 	C:\Program Files\Java\jdk-10.0.2\bin\msvcr120.dll
0x00007fffe0b10000 - 0x00007fffe0bb6000 	C:\Program Files\Java\jdk-10.0.2\bin\msvcp120.dll
0x00000000625a0000 - 0x0000000063010000 	C:\Program Files\Java\jdk-10.0.2\bin\server\jvm.dll
0x00007ffff95d0000 - 0x00007ffff95d8000 	C:\Windows\System32\PSAPI.DLL
0x00007fffe6720000 - 0x00007fffe6729000 	C:\Windows\SYSTEM32\WSOCK32.dll
0x00007ffff47e0000 - 0x00007ffff4803000 	C:\Windows\SYSTEM32\WINMM.dll
0x00007ffff9c80000 - 0x00007ffff9cec000 	C:\Windows\System32\WS2_32.dll
0x00007ffff4370000 - 0x00007ffff439a000 	C:\Windows\SYSTEM32\winmmbase.dll
0x00007ffff7340000 - 0x00007ffff7389000 	C:\Windows\System32\cfgmgr32.dll
0x00007fffefbe0000 - 0x00007fffefbef000 	C:\Program Files\Java\jdk-10.0.2\bin\verify.dll
0x00007ffff5410000 - 0x00007ffff55d9000 	C:\Windows\SYSTEM32\DBGHELP.DLL
0x00007fffe3d00000 - 0x00007fffe3d29000 	C:\Windows\SYSTEM32\dbgcore.DLL
0x00007fffe7a20000 - 0x00007fffe7a47000 	C:\Program Files\Java\jdk-10.0.2\bin\java.dll
0x00007fffed8d0000 - 0x00007fffed8e6000 	C:\Program Files\Java\jdk-10.0.2\bin\zip.dll
0x00007fffef250000 - 0x00007fffef25a000 	C:\Program Files\Java\jdk-10.0.2\bin\jimage.dll
0x00007ffff7b50000 - 0x00007ffff8f90000 	C:\Windows\System32\SHELL32.dll
0x00007ffff9b10000 - 0x00007ffff9bb9000 	C:\Windows\System32\shcore.dll
0x00007ffff7390000 - 0x00007ffff7a9d000 	C:\Windows\System32\windows.storage.dll
0x00007ffff95e0000 - 0x00007ffff9631000 	C:\Windows\System32\shlwapi.dll
0x00007ffff6a70000 - 0x00007ffff6a81000 	C:\Windows\System32\kernel.appcore.dll
0x00007ffff69f0000 - 0x00007ffff6a0f000 	C:\Windows\System32\profapi.dll
0x00007ffff6a10000 - 0x00007ffff6a5c000 	C:\Windows\System32\powrprof.dll
0x00007ffff6a60000 - 0x00007ffff6a6a000 	C:\Windows\System32\FLTLIB.DLL
0x00007fffe4890000 - 0x00007fffe48aa000 	C:\Program Files\Java\jdk-10.0.2\bin\net.dll
0x00007fffee780000 - 0x00007fffee85c000 	C:\Windows\SYSTEM32\WINHTTP.dll
0x00007ffff61f0000 - 0x00007ffff6256000 	C:\Windows\system32\mswsock.dll
0x00007fffe4840000 - 0x00007fffe4851000 	C:\Program Files\Java\jdk-10.0.2\bin\nio.dll
0x00007fffe4880000 - 0x00007fffe488a000 	C:\Program Files\Apache\maven\apache-maven-3.5.4\lib\jansi-native\windows64\jansi.dll
0x00007fffe4810000 - 0x00007fffe4833000 	C:\Program Files\Java\jdk-10.0.2\bin\sunec.dll
0x00007ffff63a0000 - 0x00007ffff63b7000 	C:\Windows\SYSTEM32\CRYPTSP.dll
0x00007ffff5dd0000 - 0x00007ffff5e03000 	C:\Windows\system32\rsaenh.dll
0x00007ffff64d0000 - 0x00007ffff64f5000 	C:\Windows\SYSTEM32\bcrypt.dll
0x00007ffff68d0000 - 0x00007ffff68f8000 	C:\Windows\SYSTEM32\USERENV.dll
0x00007ffff63c0000 - 0x00007ffff63cb000 	C:\Windows\SYSTEM32\CRYPTBASE.dll
0x00007ffff5f70000 - 0x00007ffff5fa8000 	C:\Windows\SYSTEM32\IPHLPAPI.DLL
0x00007ffffa150000 - 0x00007ffffa158000 	C:\Windows\System32\NSI.dll
0x00007fffeeb00000 - 0x00007fffeeb16000 	C:\Windows\SYSTEM32\dhcpcsvc6.DLL
0x00007fffeef20000 - 0x00007fffeef3a000 	C:\Windows\SYSTEM32\dhcpcsvc.DLL
0x00007ffff5fb0000 - 0x00007ffff606e000 	C:\Windows\SYSTEM32\DNSAPI.dll
0x00007fffea4f0000 - 0x00007fffea4fa000 	C:\Windows\System32\rasadhlp.dll
0x00007fffea5f0000 - 0x00007fffea662000 	C:\Windows\System32\fwpuclnt.dll
0x00007fffe4800000 - 0x00007fffe480b000 	C:\Program Files\Java\jdk-10.0.2\bin\sunmscapi.dll
0x00007ffff6e10000 - 0x00007ffff6ff2000 	C:\Windows\System32\CRYPT32.dll
0x00007ffff69d0000 - 0x00007ffff69e2000 	C:\Windows\System32\MSASN1.dll

dbghelp: loaded successfully - version: 4.0.5 - missing functions: none
symbol engine: initialized successfully - sym options: 0x614 - pdb path: .;C:\Program Files\Java\jdk-10.0.2\bin;C:\Windows\SYSTEM32;C:\Windows\WinSxS\amd64_microsoft.windows.common-controls_6595b64144ccf1df_6.0.17134.167_none_fb4496d930639c5a;c:\program files (x86)\f-secure\antivirus\apps\ultralight\ulcore\1530012511.0;C:\Program Files\Java\jdk-10.0.2\bin\server;C:\Program Files\Apache\maven\apache-maven-3.5.4\lib\jansi-native\windows64

VM Arguments:
jvm_args: -Dclassworlds.conf=C:\Program Files\Apache\maven\apache-maven-3.5.4\bin\..\bin\m2.conf -Dmaven.home=C:\Program Files\Apache\maven\apache-maven-3.5.4\bin\.. -Dlibrary.jansi.path=C:\Program Files\Apache\maven\apache-maven-3.5.4\bin\..\lib\jansi-native -Dmaven.multiModuleProjectDirectory=C:\Users\User\Desktop\CucumberFramework\CucumberFramework 
java_command: org.codehaus.plexus.classworlds.launcher.Launcher verify
java_class_path (initial): C:\Program Files\Apache\maven\apache-maven-3.5.4\bin\..\boot\plexus-classworlds-2.5.2.jar
Launcher Type: SUN_STANDARD

Logging:
Log output configuration:
#0: stdout all=warning uptime,level,tags
#1: stderr all=off uptime,level,tags

Environment Variables:
JAVA_HOME=C:\Program Files\Java\jdk-10.0.2
CLASSPATH=;C:\Program Files\Java\jdk-10.0.2\bin
PATH=C:\Program Files (x86)\Common Files\Oracle\Java\javapath;C:\Windows\system32;C:\Windows;C:\Windows\System32\Wbem;C:\Windows\System32\WindowsPowerShell\v1.0\;C:\Windows\System32\OpenSSH\;C:\Program Files\Apache\maven\apache-maven-3.5.4\bin;C:\Program Files\Java\jdk-10.0.2\bin;C:\Program Files\Java\jdk-10.0.2\bin;C:\Program Files\Apache\maven\apache-maven-3.5.4;C:\Users\User\AppData\Local\Microsoft\WindowsApps;C:\Program Files\Java\jdk-10.0.2\bin;
USERNAME=User
OS=Windows_NT
PROCESSOR_IDENTIFIER=Intel64 Family 6 Model 142 Stepping 10, GenuineIntel



---------------  S Y S T E M  ---------------

OS: Windows 10 , 64 bit Build 17134 (10.0.17134.1)

CPU:total 8 (initial active 8) (4 cores per cpu, 2 threads per core) family 6 model 142 stepping 10, cmov, cx8, fxsr, mmx, sse, sse2, sse3, ssse3, sse4.1, sse4.2, popcnt, avx, avx2, aes, clmul, erms, 3dnowpref, lzcnt, ht, tsc, tscinvbit, bmi1, bmi2, adx, fma

Memory: 4k page, physical 8270220k(755828k free), swap 22893448k(4856k free)

vm_info: Java HotSpot(TM) 64-Bit Server VM (10.0.2+13) for windows-amd64 JRE (10.0.2+13), built on Jun 28 2018 01:57:56 by "mach5one" with MS VC++ 12.0 (VS2013)

END.
